# project ns (3-dev) configured on Thu Jun  6 09:03:46 2019 by
# waf 1.8.12 (abi 98, python 2070cf0 on linux2)
# using ./waf configure --enable-examples
#
----------------------------------------
Setting top to
/home/wf/multimedia/ndnSIM2.1/ns-3
----------------------------------------
Setting out to
/home/wf/multimedia/ndnSIM2.1/ns-3/build
----------------------------------------
Checking for 'gcc' (C compiler)
find program=['gcc', 'cc'] paths=['/home/wf/bin', '/home/wf/.local/bin', '/usr/local/sbin', '/usr/local/bin', '/usr/sbin', '/usr/bin', '/sbin', '/bin', '/usr/games', '/usr/local/games', '/snap/bin'] var='CC' -> ['/usr/bin/gcc']
find program=['ar'] paths=['/home/wf/bin', '/home/wf/.local/bin', '/usr/local/sbin', '/usr/local/bin', '/usr/sbin', '/usr/bin', '/sbin', '/bin', '/usr/games', '/usr/local/games', '/snap/bin'] var='AR' -> ['/usr/bin/ar']
/usr/bin/gcc
----------------------------------------
Checking for cc version
5.4.0
----------------------------------------
Checking for 'g++' (C++ compiler)
find program=['g++', 'c++'] paths=['/home/wf/bin', '/home/wf/.local/bin', '/usr/local/sbin', '/usr/local/bin', '/usr/sbin', '/usr/bin', '/sbin', '/bin', '/usr/games', '/usr/local/games', '/snap/bin'] var='CXX' -> ['/usr/bin/g++']
(tool ar is already loaded, skipping)
/usr/bin/g++
----------------------------------------
Checking supported compiler CXXFLAGS
==>

int main(int argc, char **argv) {
	(void)argc; (void)argv;
	return 0;
}

<==
[1/2] Compiling [32mbuild/.conf_check_12a9b4467a3889d8726a88c5d39931f3/test.cpp[0m

['/usr/bin/g++', '-Werror', '-std=c++0x', '../test.cpp', '-c', '-o', '/home/wf/multimedia/ndnSIM2.1/ns-3/build/.conf_check_12a9b4467a3889d8726a88c5d39931f3/testbuild/test.cpp.1.o']
[2/2] Linking [33mbuild/.conf_check_12a9b4467a3889d8726a88c5d39931f3/testbuild/testprog[0m

['/usr/bin/g++', 'test.cpp.1.o', '-o', '/home/wf/multimedia/ndnSIM2.1/ns-3/build/.conf_check_12a9b4467a3889d8726a88c5d39931f3/testbuild/testprog', '-Wl,-Bstatic', '-Wl,-Bdynamic']
==>

int main(int argc, char **argv) {
	(void)argc; (void)argv;
	return 0;
}

<==
[1/2] Compiling [32mbuild/.conf_check_64107d571227ad248f876ee76f0d2a69/test.cpp[0m

['/usr/bin/g++', '-Werror', '-std=c++11', '../test.cpp', '-c', '-o', '/home/wf/multimedia/ndnSIM2.1/ns-3/build/.conf_check_64107d571227ad248f876ee76f0d2a69/testbuild/test.cpp.1.o']
[2/2] Linking [33mbuild/.conf_check_64107d571227ad248f876ee76f0d2a69/testbuild/testprog[0m

['/usr/bin/g++', 'test.cpp.1.o', '-o', '/home/wf/multimedia/ndnSIM2.1/ns-3/build/.conf_check_64107d571227ad248f876ee76f0d2a69/testbuild/testprog', '-Wl,-Bstatic', '-Wl,-Bdynamic']
-std=c++0x -std=c++11
-----------------------------------------
Checking supported optimizations CXXFLAGS
==>

int main(int argc, char **argv) {
	(void)argc; (void)argv;
	return 0;
}

<==
[1/2] Compiling [32mbuild/.conf_check_97085f9f12d21c91a834ad20628bf65d/test.cpp[0m

['/usr/bin/g++', '-Werror', '-O0', '../test.cpp', '-c', '-o', '/home/wf/multimedia/ndnSIM2.1/ns-3/build/.conf_check_97085f9f12d21c91a834ad20628bf65d/testbuild/test.cpp.1.o']
[2/2] Linking [33mbuild/.conf_check_97085f9f12d21c91a834ad20628bf65d/testbuild/testprog[0m

['/usr/bin/g++', 'test.cpp.1.o', '-o', '/home/wf/multimedia/ndnSIM2.1/ns-3/build/.conf_check_97085f9f12d21c91a834ad20628bf65d/testbuild/testprog', '-Wl,-Bstatic', '-Wl,-Bdynamic']
-O0
-----------------------------------------
Checking supported debug CXXFLAGS
==>

int main(int argc, char **argv) {
	(void)argc; (void)argv;
	return 0;
}

<==
[1/2] Compiling [32mbuild/.conf_check_43a91cf45a02493efa8016d161936b7e/test.cpp[0m

['/usr/bin/g++', '-Werror', '-ggdb', '../test.cpp', '-c', '-o', '/home/wf/multimedia/ndnSIM2.1/ns-3/build/.conf_check_43a91cf45a02493efa8016d161936b7e/testbuild/test.cpp.1.o']
[2/2] Linking [33mbuild/.conf_check_43a91cf45a02493efa8016d161936b7e/testbuild/testprog[0m

['/usr/bin/g++', 'test.cpp.1.o', '-o', '/home/wf/multimedia/ndnSIM2.1/ns-3/build/.conf_check_43a91cf45a02493efa8016d161936b7e/testbuild/testprog', '-Wl,-Bstatic', '-Wl,-Bdynamic']
==>

int main(int argc, char **argv) {
	(void)argc; (void)argv;
	return 0;
}

<==
[1/2] Compiling [32mbuild/.conf_check_d214cb8bb14a6c5af0deeabf4e42819c/test.cpp[0m

['/usr/bin/g++', '-Werror', '-g3', '../test.cpp', '-c', '-o', '/home/wf/multimedia/ndnSIM2.1/ns-3/build/.conf_check_d214cb8bb14a6c5af0deeabf4e42819c/testbuild/test.cpp.1.o']
[2/2] Linking [33mbuild/.conf_check_d214cb8bb14a6c5af0deeabf4e42819c/testbuild/testprog[0m

['/usr/bin/g++', 'test.cpp.1.o', '-o', '/home/wf/multimedia/ndnSIM2.1/ns-3/build/.conf_check_d214cb8bb14a6c5af0deeabf4e42819c/testbuild/testprog', '-Wl,-Bstatic', '-Wl,-Bdynamic']
-ggdb -g3
-----------------------------------------
Checking supported warnings CXXFLAGS
==>

int main(int argc, char **argv) {
	(void)argc; (void)argv;
	return 0;
}

<==
[1/2] Compiling [32mbuild/.conf_check_ea25d677c9825f75c3b0af952469b3b3/test.cpp[0m

['/usr/bin/g++', '-Werror', '-Wall', '../test.cpp', '-c', '-o', '/home/wf/multimedia/ndnSIM2.1/ns-3/build/.conf_check_ea25d677c9825f75c3b0af952469b3b3/testbuild/test.cpp.1.o']
[2/2] Linking [33mbuild/.conf_check_ea25d677c9825f75c3b0af952469b3b3/testbuild/testprog[0m

['/usr/bin/g++', 'test.cpp.1.o', '-o', '/home/wf/multimedia/ndnSIM2.1/ns-3/build/.conf_check_ea25d677c9825f75c3b0af952469b3b3/testbuild/testprog', '-Wl,-Bstatic', '-Wl,-Bdynamic']
==>

int main(int argc, char **argv) {
	(void)argc; (void)argv;
	return 0;
}

<==
[1/2] Compiling [32mbuild/.conf_check_96d6307fc68021be32d747ff4d132062/test.cpp[0m

['/usr/bin/g++', '-Werror', '-Wno-error=deprecated-declarations', '../test.cpp', '-c', '-o', '/home/wf/multimedia/ndnSIM2.1/ns-3/build/.conf_check_96d6307fc68021be32d747ff4d132062/testbuild/test.cpp.1.o']
[2/2] Linking [33mbuild/.conf_check_96d6307fc68021be32d747ff4d132062/testbuild/testprog[0m

['/usr/bin/g++', 'test.cpp.1.o', '-o', '/home/wf/multimedia/ndnSIM2.1/ns-3/build/.conf_check_96d6307fc68021be32d747ff4d132062/testbuild/testprog', '-Wl,-Bstatic', '-Wl,-Bdynamic']
==>

int main(int argc, char **argv) {
	(void)argc; (void)argv;
	return 0;
}

<==
[1/2] Compiling [32mbuild/.conf_check_020508de2eecb5c92a7d16ea428d162d/test.cpp[0m

['/usr/bin/g++', '-Werror', '-fstrict-aliasing', '../test.cpp', '-c', '-o', '/home/wf/multimedia/ndnSIM2.1/ns-3/build/.conf_check_020508de2eecb5c92a7d16ea428d162d/testbuild/test.cpp.1.o']
[2/2] Linking [33mbuild/.conf_check_020508de2eecb5c92a7d16ea428d162d/testbuild/testprog[0m

['/usr/bin/g++', 'test.cpp.1.o', '-o', '/home/wf/multimedia/ndnSIM2.1/ns-3/build/.conf_check_020508de2eecb5c92a7d16ea428d162d/testbuild/testprog', '-Wl,-Bstatic', '-Wl,-Bdynamic']
==>

int main(int argc, char **argv) {
	(void)argc; (void)argv;
	return 0;
}

<==
[1/2] Compiling [32mbuild/.conf_check_54a534baf18e7cea7a0ef8f6516d16b4/test.cpp[0m

['/usr/bin/g++', '-Werror', '-Wstrict-aliasing', '../test.cpp', '-c', '-o', '/home/wf/multimedia/ndnSIM2.1/ns-3/build/.conf_check_54a534baf18e7cea7a0ef8f6516d16b4/testbuild/test.cpp.1.o']
[2/2] Linking [33mbuild/.conf_check_54a534baf18e7cea7a0ef8f6516d16b4/testbuild/testprog[0m

['/usr/bin/g++', 'test.cpp.1.o', '-o', '/home/wf/multimedia/ndnSIM2.1/ns-3/build/.conf_check_54a534baf18e7cea7a0ef8f6516d16b4/testbuild/testprog', '-Wl,-Bstatic', '-Wl,-Bdynamic']
-Wall -Wno-error=deprecated-declarations -fstrict-aliasing -Wstrict-aliasing
---------------------------------------------------------
Checking for compilation flag -Wl,--soname=foo... support
==>
int main() { return 0; }
<==
[1/1] Compiling [32mbuild/.conf_check_d161ef24b8a56072b3ce789b4198fc7e/test.cpp[0m

['/usr/bin/g++', '-std=c++0x', '-std=c++11', '-O0', '-ggdb', '-g3', '-Wall', '-Wno-error=deprecated-declarations', '-fstrict-aliasing', '-Wstrict-aliasing', '-Wl,--soname=foo', '-DNS3_BUILD_PROFILE_DEBUG', '-DNS3_ASSERT_ENABLE', '-DNS3_LOG_ENABLE', '../test.cpp', '-c', '-o', '/home/wf/multimedia/ndnSIM2.1/ns-3/build/.conf_check_d161ef24b8a56072b3ce789b4198fc7e/testbuild/test.cpp.1.o']
ok
---------------------------------------------------------
Checking for program 'python'
/usr/bin/python
find program=['python'] paths=['/home/wf/bin', '/home/wf/.local/bin', '/usr/local/sbin', '/usr/local/bin', '/usr/sbin', '/usr/bin', '/sbin', '/bin', '/usr/games', '/usr/local/games', '/snap/bin'] var='PYTHON' -> ['/usr/bin/python']
['/usr/bin/python', '-c', 'import imp;print(imp.get_tag())']
err: Traceback (most recent call last):
  File "<string>", line 1, in <module>
AttributeError: 'module' object has no attribute 'get_tag'

['/usr/bin/python', '-c', 'import sys\nfor x in sys.version_info: print(str(x))']
out: 2
7
12
final
0

['/usr/bin/python', '-c', "from distutils.sysconfig import get_config_var, get_python_lib\n\nprint(repr(get_python_lib(standard_lib=0, prefix='/usr/local') or ''))"]
out: '/usr/local/lib/python2.7/dist-packages'

'/usr/local/lib/python2.7/dist-packages'

['/usr/bin/python', '-c', "from distutils.sysconfig import get_config_var, get_python_lib\n\nprint(repr(get_python_lib(plat_specific=1, standard_lib=0, prefix='/usr/local') or ''))"]
out: '/usr/local/lib/python2.7/dist-packages'

'/usr/local/lib/python2.7/dist-packages'

---------------------------------------------------------
Checking for python version
(2, 7, 12, 'final', 0)
['/usr/bin/python', '-c', "from distutils.sysconfig import get_config_var, get_python_lib\n\nprint(repr(get_config_var('prefix') or ''))\nprint(repr(get_config_var('SO') or ''))\nprint(repr(get_config_var('LDFLAGS') or ''))\nprint(repr(get_config_var('LIBDIR') or ''))\nprint(repr(get_config_var('LIBPL') or ''))\nprint(repr(get_config_var('INCLUDEPY') or ''))\nprint(repr(get_config_var('Py_ENABLE_SHARED') or ''))\nprint(repr(get_config_var('MACOSX_DEPLOYMENT_TARGET') or ''))\nprint(repr(get_config_var('LDSHARED') or ''))\nprint(repr(get_config_var('CFLAGS') or ''))\nprint(repr(get_config_var('LDVERSION') or ''))"]
out: '/usr'
'.so'
'-Wl,-Bsymbolic-functions -Wl,-z,relro'
'/usr/lib'
'/usr/lib/python2.7/config-x86_64-linux-gnu'
'/usr/include/python2.7'
1
''
'x86_64-linux-gnu-gcc -pthread -shared -Wl,-O1 -Wl,-Bsymbolic-functions -Wl,-Bsymbolic-functions -Wl,-z,relro -fno-strict-aliasing -DNDEBUG -g -fwrapv -O2 -Wall -Wstrict-prototypes -Wdate-time -D_FORTIFY_SOURCE=2 -g -fstack-protector-strong -Wformat -Werror=format-security  '
'-fno-strict-aliasing -DNDEBUG -g -fwrapv -O2 -Wall -Wstrict-prototypes -Wdate-time -D_FORTIFY_SOURCE=2 -g -fstack-protector-strong -Wformat -Werror=format-security  '
''

'/usr'
'.so'
'-Wl,-Bsymbolic-functions -Wl,-z,relro'
'/usr/lib'
'/usr/lib/python2.7/config-x86_64-linux-gnu'
'/usr/include/python2.7'
1
''
'x86_64-linux-gnu-gcc -pthread -shared -Wl,-O1 -Wl,-Bsymbolic-functions -Wl,-Bsymbolic-functions -Wl,-z,relro -fno-strict-aliasing -DNDEBUG -g -fwrapv -O2 -Wall -Wstrict-prototypes -Wdate-time -D_FORTIFY_SOURCE=2 -g -fstack-protector-strong -Wformat -Werror=format-security  '
'-fno-strict-aliasing -DNDEBUG -g -fwrapv -O2 -Wall -Wstrict-prototypes -Wdate-time -D_FORTIFY_SOURCE=2 -g -fstack-protector-strong -Wformat -Werror=format-security  '
''

Configuration returned from ['/usr/bin/python']:
prefix = '/usr'
SO = '.so'
LDFLAGS = '-Wl,-Bsymbolic-functions -Wl,-z,relro'
LIBDIR = '/usr/lib'
LIBPL = '/usr/lib/python2.7/config-x86_64-linux-gnu'
INCLUDEPY = '/usr/include/python2.7'
Py_ENABLE_SHARED = 1
MACOSX_DEPLOYMENT_TARGET = ''
LDSHARED = 'x86_64-linux-gnu-gcc -pthread -shared -Wl,-O1 -Wl,-Bsymbolic-functions -Wl,-Bsymbolic-functions -Wl,-z,relro -fno-strict-aliasing -DNDEBUG -g -fwrapv -O2 -Wall -Wstrict-prototypes -Wdate-time -D_FORTIFY_SOURCE=2 -g -fstack-protector-strong -Wformat -Werror=format-security  '
CFLAGS = '-fno-strict-aliasing -DNDEBUG -g -fwrapv -O2 -Wall -Wstrict-prototypes -Wdate-time -D_FORTIFY_SOURCE=2 -g -fstack-protector-strong -Wformat -Werror=format-security  '
LDVERSION = ''

---------------------------------------------------------
python-config
/usr/bin/python-config
find program=['/usr/bin/python-config', 'python2.7-config', 'python-config-2.7', 'python2.7m-config'] paths=['/home/wf/bin', '/home/wf/.local/bin', '/usr/local/sbin', '/usr/local/bin', '/usr/sbin', '/usr/bin', '/sbin', '/bin', '/usr/games', '/usr/local/games', '/snap/bin'] var='PYTHON_CONFIG' -> ['/usr/bin/python-config']
------------------------------------------------------------------
Asking python-config for pyembed '--cflags --libs --ldflags' flags
['/usr/bin/python-config', '--cflags', '--libs', '--ldflags']
out: -I/usr/include/python2.7 -I/usr/include/x86_64-linux-gnu/python2.7  -fno-strict-aliasing -Wdate-time -D_FORTIFY_SOURCE=2 -g -fstack-protector-strong -Wformat -Werror=format-security  -DNDEBUG -g -fwrapv -O2 -Wall -Wstrict-prototypes
-lpython2.7 -lpthread -ldl  -lutil -lm 
-L/usr/lib/python2.7/config-x86_64-linux-gnu -L/usr/lib -lpython2.7 -lpthread -ldl  -lutil -lm  -Xlinker -export-dynamic -Wl,-O1 -Wl,-Bsymbolic-functions

yes
------------------------------------------------------------------
Getting pyembed flags from python-config
==>

#include <Python.h>
#ifdef __cplusplus
extern "C" {
#endif
	void Py_Initialize(void);
	void Py_Finalize(void);
#ifdef __cplusplus
}
#endif
int main(int argc, char **argv)
{
   (void)argc; (void)argv;
   Py_Initialize();
   Py_Finalize();
   return 0;
}

<==
[1/2] Compiling [32mbuild/.conf_check_71b1ef7f7b9bfe617c0338c570efd36c/test.cpp[0m

['/usr/bin/g++', '-std=c++0x', '-std=c++11', '-O0', '-ggdb', '-g3', '-Wall', '-Wno-error=deprecated-declarations', '-fstrict-aliasing', '-Wstrict-aliasing', '-fno-strict-aliasing', '-fstack-protector-strong', '-fwrapv', '-I/usr/include/python2.7', '-I/usr/include/x86_64-linux-gnu/python2.7', '-DNS3_BUILD_PROFILE_DEBUG', '-DNS3_ASSERT_ENABLE', '-DNS3_LOG_ENABLE', '-DPYTHONDIR="/usr/local/lib/python2.7/dist-packages"', '-DPYTHONARCHDIR="/usr/local/lib/python2.7/dist-packages"', '-DHAVE_PYEMBED=1', '-D_FORTIFY_SOURCE=2', '-DNDEBUG', '../test.cpp', '-c', '-o', '/home/wf/multimedia/ndnSIM2.1/ns-3/build/.conf_check_71b1ef7f7b9bfe617c0338c570efd36c/testbuild/test.cpp.1.o']
[2/2] Linking [33mbuild/.conf_check_71b1ef7f7b9bfe617c0338c570efd36c/testbuild/testprog[0m

['/usr/bin/g++', '-Xlinker', '-export-dynamic', '-Wl,-O1', '-Wl,-Bsymbolic-functions', 'test.cpp.1.o', '-o', '/home/wf/multimedia/ndnSIM2.1/ns-3/build/.conf_check_71b1ef7f7b9bfe617c0338c570efd36c/testbuild/testprog', '-Wl,-Bstatic', '-Wl,-Bdynamic', '-L/usr/lib/python2.7/config-x86_64-linux-gnu', '-L/usr/lib', '-lpython2.7', '-lpthread', '-ldl', '-lutil', '-lm']
yes
------------------------------------------------------------------
Asking python-config for pyext '--cflags --libs --ldflags' flags
['/usr/bin/python-config', '--cflags', '--libs', '--ldflags']
out: -I/usr/include/python2.7 -I/usr/include/x86_64-linux-gnu/python2.7  -fno-strict-aliasing -Wdate-time -D_FORTIFY_SOURCE=2 -g -fstack-protector-strong -Wformat -Werror=format-security  -DNDEBUG -g -fwrapv -O2 -Wall -Wstrict-prototypes
-lpython2.7 -lpthread -ldl  -lutil -lm 
-L/usr/lib/python2.7/config-x86_64-linux-gnu -L/usr/lib -lpython2.7 -lpthread -ldl  -lutil -lm  -Xlinker -export-dynamic -Wl,-O1 -Wl,-Bsymbolic-functions

yes
------------------------------------------------------------------
Getting pyext flags from python-config
==>

#include <Python.h>
#ifdef __cplusplus
extern "C" {
#endif
	void Py_Initialize(void);
	void Py_Finalize(void);
#ifdef __cplusplus
}
#endif
int main(int argc, char **argv)
{
   (void)argc; (void)argv;
   Py_Initialize();
   Py_Finalize();
   return 0;
}

<==
[1/2] Compiling [32mbuild/.conf_check_5ca27ef98a9de1a6739ef4362f6ed5a4/test.cpp[0m

['/usr/bin/g++', '-std=c++0x', '-std=c++11', '-O0', '-ggdb', '-g3', '-Wall', '-Wno-error=deprecated-declarations', '-fstrict-aliasing', '-Wstrict-aliasing', '-fPIC', '-fno-strict-aliasing', '-fstack-protector-strong', '-fwrapv', '-I/usr/include/python2.7', '-I/usr/include/x86_64-linux-gnu/python2.7', '-DNS3_BUILD_PROFILE_DEBUG', '-DNS3_ASSERT_ENABLE', '-DNS3_LOG_ENABLE', '-DPYTHONDIR="/usr/local/lib/python2.7/dist-packages"', '-DPYTHONARCHDIR="/usr/local/lib/python2.7/dist-packages"', '-DHAVE_PYEMBED=1', '-DHAVE_PYEXT=1', '-D_FORTIFY_SOURCE=2', '-DNDEBUG', '../test.cpp', '-c', '-o', '/home/wf/multimedia/ndnSIM2.1/ns-3/build/.conf_check_5ca27ef98a9de1a6739ef4362f6ed5a4/testbuild/test.cpp.1.o']
[2/2] Linking [33mbuild/.conf_check_5ca27ef98a9de1a6739ef4362f6ed5a4/testbuild/testprog.so[0m

['/usr/bin/g++', '-shared', '-Xlinker', '-export-dynamic', '-Wl,-O1', '-Wl,-Bsymbolic-functions', 'test.cpp.1.o', '-o', '/home/wf/multimedia/ndnSIM2.1/ns-3/build/.conf_check_5ca27ef98a9de1a6739ef4362f6ed5a4/testbuild/testprog.so', '-Wl,-Bstatic', '-Wl,-Bdynamic', '-L/usr/lib/python2.7/config-x86_64-linux-gnu', '-L/usr/lib', '-lpython2.7', '-lpthread', '-ldl', '-lutil', '-lm']
yes
------------------------------------------------------------------
Checking for compilation flag -fvisibility=hidden... support
==>
int main() { return 0; }
<==
[1/1] Compiling [32mbuild/.conf_check_d161ef24b8a56072b3ce789b4198fc7e/test.cpp[0m

['/usr/bin/g++', '-std=c++0x', '-std=c++11', '-O0', '-ggdb', '-g3', '-Wall', '-Wno-error=deprecated-declarations', '-fstrict-aliasing', '-Wstrict-aliasing', '-fvisibility=hidden', '-DNS3_BUILD_PROFILE_DEBUG', '-DNS3_ASSERT_ENABLE', '-DNS3_LOG_ENABLE', '-DPYTHONDIR="/usr/local/lib/python2.7/dist-packages"', '-DPYTHONARCHDIR="/usr/local/lib/python2.7/dist-packages"', '-DHAVE_PYEMBED=1', '-DHAVE_PYEXT=1', '-DHAVE_PYTHON_H=1', '../test.cpp', '-c', '-o', '/home/wf/multimedia/ndnSIM2.1/ns-3/build/.conf_check_d161ef24b8a56072b3ce789b4198fc7e/testbuild/test.cpp.1.o']
ok
------------------------------------------------------------------
Checking for compilation flag -Wno-array-bounds... support
==>
int main() { return 0; }
<==
[1/1] Compiling [32mbuild/.conf_check_d161ef24b8a56072b3ce789b4198fc7e/test.cpp[0m

['/usr/bin/g++', '-std=c++0x', '-std=c++11', '-O0', '-ggdb', '-g3', '-Wall', '-Wno-error=deprecated-declarations', '-fstrict-aliasing', '-Wstrict-aliasing', '-Wno-array-bounds', '-DNS3_BUILD_PROFILE_DEBUG', '-DNS3_ASSERT_ENABLE', '-DNS3_LOG_ENABLE', '-DPYTHONDIR="/usr/local/lib/python2.7/dist-packages"', '-DPYTHONARCHDIR="/usr/local/lib/python2.7/dist-packages"', '-DHAVE_PYEMBED=1', '-DHAVE_PYEXT=1', '-DHAVE_PYTHON_H=1', '../test.cpp', '-c', '-o', '/home/wf/multimedia/ndnSIM2.1/ns-3/build/.conf_check_d161ef24b8a56072b3ce789b4198fc7e/testbuild/test.cpp.1.o']
ok
------------------------------------------------------------------
Checking for pybindgen location
../pybindgen (guessed)
------------------------------------------------------------------
Checking for python module 'pybindgen'
['/usr/bin/python', '-c', "\nimport pybindgen as current_module\nversion = getattr(current_module, '__version__', None)\nif version is not None:\n\tprint(str(version))\nelse:\n\tprint('unknown version')\n"]
out: 0.17.0.post45

0.17.0.post45
------------------------------------------------------------------
Checking for pybindgen version
0.17.0.post45
------------------------------------------------------------------
Checking for code snippet
==>

#include <stdint.h>
#include <vector>

int main ()
{
   std::vector< uint64_t > t = std::vector< unsigned long > ();
   return 0;
}

<==
[1/1] Compiling [32mbuild/.conf_check_57f059ee579c77e66f29f8c19cc143cb/test.cpp[0m

['/usr/bin/g++', '-std=c++0x', '-std=c++11', '-O0', '-ggdb', '-g3', '-Wall', '-Wno-error=deprecated-declarations', '-fstrict-aliasing', '-Wstrict-aliasing', '-DNS3_BUILD_PROFILE_DEBUG', '-DNS3_ASSERT_ENABLE', '-DNS3_LOG_ENABLE', '-DPYTHONDIR="/usr/local/lib/python2.7/dist-packages"', '-DPYTHONARCHDIR="/usr/local/lib/python2.7/dist-packages"', '-DHAVE_PYEMBED=1', '-DHAVE_PYEXT=1', '-DHAVE_PYTHON_H=1', '../test.cpp', '-c', '-o', '/home/wf/multimedia/ndnSIM2.1/ns-3/build/.conf_check_57f059ee579c77e66f29f8c19cc143cb/testbuild/test.cpp.1.o']
yes
------------------------------------------------------------------
Checking for types uint64_t and unsigned long equivalence
no
------------------------------------------------------------------
Checking for code snippet
==>

#include <stdint.h>
#include <vector>

int main ()
{
   std::vector< uint64_t > t = std::vector< unsigned long long > ();
   return 0;
}

<==
[1/1] Compiling [32mbuild/.conf_check_4ac0e3afd547d2a2e7aa4a283a092b63/test.cpp[0m

['/usr/bin/g++', '-std=c++0x', '-std=c++11', '-O0', '-ggdb', '-g3', '-Wall', '-Wno-error=deprecated-declarations', '-fstrict-aliasing', '-Wstrict-aliasing', '-DNS3_BUILD_PROFILE_DEBUG', '-DNS3_ASSERT_ENABLE', '-DNS3_LOG_ENABLE', '-DPYTHONDIR="/usr/local/lib/python2.7/dist-packages"', '-DPYTHONARCHDIR="/usr/local/lib/python2.7/dist-packages"', '-DHAVE_PYEMBED=1', '-DHAVE_PYEXT=1', '-DHAVE_PYTHON_H=1', '../test.cpp', '-c', '-o', '/home/wf/multimedia/ndnSIM2.1/ns-3/build/.conf_check_4ac0e3afd547d2a2e7aa4a283a092b63/testbuild/test.cpp.1.o']
err: ../test.cpp: In function â€˜int main()â€™:
../test.cpp:7:67: error: conversion from â€˜std::vector<long long unsigned int>â€™ to non-scalar type â€˜std::vector<long unsigned int>â€™ requested
    std::vector< uint64_t > t = std::vector< unsigned long long > ();
                                                                   ^

from /home/wf/multimedia/ndnSIM2.1/ns-3/bindings/python: Test does not build: Traceback (most recent call last):
  File "/home/wf/multimedia/ndnSIM2.1/ns-3/.waf-1.8.12-f00e5b53f6bbeab1384a38c9cc5d51f7/waflib/Configure.py", line 339, in run_build
    bld.compile()
  File "/home/wf/multimedia/ndnSIM2.1/ns-3/.waf-1.8.12-f00e5b53f6bbeab1384a38c9cc5d51f7/waflib/Build.py", line 182, in compile
    raise Errors.BuildError(self.producer.error)
BuildError: Build failed
 -> task in 'testprog' failed (exit status 1): 
	{task 140594400877520: cxx test.cpp -> test.cpp.1.o}
['/usr/bin/g++', '-std=c++0x', '-std=c++11', '-O0', '-ggdb', '-g3', '-Wall', '-Wno-error=deprecated-declarations', '-fstrict-aliasing', '-Wstrict-aliasing', '-DNS3_BUILD_PROFILE_DEBUG', '-DNS3_ASSERT_ENABLE', '-DNS3_LOG_ENABLE', '-DPYTHONDIR="/usr/local/lib/python2.7/dist-packages"', '-DPYTHONARCHDIR="/usr/local/lib/python2.7/dist-packages"', '-DHAVE_PYEMBED=1', '-DHAVE_PYEXT=1', '-DHAVE_PYTHON_H=1', '../test.cpp', '-c', '-o', '/home/wf/multimedia/ndnSIM2.1/ns-3/build/.conf_check_4ac0e3afd547d2a2e7aa4a283a092b63/testbuild/test.cpp.1.o']

no
from /home/wf/multimedia/ndnSIM2.1/ns-3/bindings/python: The configuration failed
------------------------------------------------------------------
Checking for types uint64_t and unsigned long long equivalence
yes
------------------------------------------------------------------
Checking for the apidefs that can be used for Python bindings
gcc-LP64
------------------------------------------------------------------
Checking for internal GCC cxxabi
==>

# include <cxxabi.h>
int main ()
{
   const abi::__si_class_type_info *_typeinfo  __attribute__((unused)) = NULL;
   return 0;
}

<==
[1/2] Compiling [32mbuild/.conf_check_a5b698db684c3b7c066073c877086c15/test.cpp[0m

['/usr/bin/g++', '-std=c++0x', '-std=c++11', '-O0', '-ggdb', '-g3', '-Wall', '-Wno-error=deprecated-declarations', '-fstrict-aliasing', '-Wstrict-aliasing', '-DNS3_BUILD_PROFILE_DEBUG', '-DNS3_ASSERT_ENABLE', '-DNS3_LOG_ENABLE', '-DPYTHONDIR="/usr/local/lib/python2.7/dist-packages"', '-DPYTHONARCHDIR="/usr/local/lib/python2.7/dist-packages"', '-DHAVE_PYEMBED=1', '-DHAVE_PYEXT=1', '-DHAVE_PYTHON_H=1', '../test.cpp', '-c', '-o', '/home/wf/multimedia/ndnSIM2.1/ns-3/build/.conf_check_a5b698db684c3b7c066073c877086c15/testbuild/test.cpp.1.o']
[2/2] Linking [33mbuild/.conf_check_a5b698db684c3b7c066073c877086c15/testbuild/testprog[0m

['/usr/bin/g++', 'test.cpp.1.o', '-o', '/home/wf/multimedia/ndnSIM2.1/ns-3/build/.conf_check_a5b698db684c3b7c066073c877086c15/testbuild/testprog', '-Wl,-Bstatic', '-Wl,-Bdynamic']
complete
------------------------------------------------------------------
Checking for python module 'pygccxml'
['/usr/bin/python', '-c', "\nimport pygccxml as current_module\nversion = getattr(current_module, '__version__', None)\nif version is not None:\n\tprint(str(version))\nelse:\n\tprint('unknown version')\n"]
err: Traceback (most recent call last):
  File "<string>", line 2, in <module>
ImportError: No module named pygccxml

not found
from /home/wf/multimedia/ndnSIM2.1/ns-3/bindings/python: Could not find the python module 'pygccxml'
------------------------------------------------------------------
Checking boost includes
1_58
------------------------------------------------------------------
Checking boost libs
Found the boost path in /usr/lib/x86_64-linux-gnu with the libraries:
    /usr/lib/x86_64-linux-gnu/libboost_atomic.a
    /usr/lib/x86_64-linux-gnu/libboost_atomic.so
    /usr/lib/x86_64-linux-gnu/libboost_atomic.so.1.58.0
    /usr/lib/x86_64-linux-gnu/libboost_chrono.a
    /usr/lib/x86_64-linux-gnu/libboost_chrono.so
    /usr/lib/x86_64-linux-gnu/libboost_chrono.so.1.58.0
    /usr/lib/x86_64-linux-gnu/libboost_context.a
    /usr/lib/x86_64-linux-gnu/libboost_context.so
    /usr/lib/x86_64-linux-gnu/libboost_context.so.1.58.0
    /usr/lib/x86_64-linux-gnu/libboost_coroutine.a
    /usr/lib/x86_64-linux-gnu/libboost_coroutine.so
    /usr/lib/x86_64-linux-gnu/libboost_coroutine.so.1.58.0
    /usr/lib/x86_64-linux-gnu/libboost_date_time.a
    /usr/lib/x86_64-linux-gnu/libboost_date_time.so
    /usr/lib/x86_64-linux-gnu/libboost_date_time.so.1.58.0
    /usr/lib/x86_64-linux-gnu/libboost_exception.a
    /usr/lib/x86_64-linux-gnu/libboost_filesystem.a
    /usr/lib/x86_64-linux-gnu/libboost_filesystem.so
    /usr/lib/x86_64-linux-gnu/libboost_filesystem.so.1.58.0
    /usr/lib/x86_64-linux-gnu/libboost_graph.a
    /usr/lib/x86_64-linux-gnu/libboost_graph.so
    /usr/lib/x86_64-linux-gnu/libboost_graph.so.1.58.0
    /usr/lib/x86_64-linux-gnu/libboost_graph_parallel.a
    /usr/lib/x86_64-linux-gnu/libboost_graph_parallel.so
    /usr/lib/x86_64-linux-gnu/libboost_graph_parallel.so.1.58.0
    /usr/lib/x86_64-linux-gnu/libboost_iostreams.a
    /usr/lib/x86_64-linux-gnu/libboost_iostreams.so
    /usr/lib/x86_64-linux-gnu/libboost_iostreams.so.1.58.0
    /usr/lib/x86_64-linux-gnu/libboost_locale.a
    /usr/lib/x86_64-linux-gnu/libboost_locale.so
    /usr/lib/x86_64-linux-gnu/libboost_locale.so.1.58.0
    /usr/lib/x86_64-linux-gnu/libboost_log.a
    /usr/lib/x86_64-linux-gnu/libboost_log.so
    /usr/lib/x86_64-linux-gnu/libboost_log.so.1.58.0
    /usr/lib/x86_64-linux-gnu/libboost_log_setup.a
    /usr/lib/x86_64-linux-gnu/libboost_log_setup.so
    /usr/lib/x86_64-linux-gnu/libboost_log_setup.so.1.58.0
    /usr/lib/x86_64-linux-gnu/libboost_math_c99.a
    /usr/lib/x86_64-linux-gnu/libboost_math_c99.so
    /usr/lib/x86_64-linux-gnu/libboost_math_c99.so.1.58.0
    /usr/lib/x86_64-linux-gnu/libboost_math_c99f.a
    /usr/lib/x86_64-linux-gnu/libboost_math_c99f.so
    /usr/lib/x86_64-linux-gnu/libboost_math_c99f.so.1.58.0
    /usr/lib/x86_64-linux-gnu/libboost_math_c99l.a
    /usr/lib/x86_64-linux-gnu/libboost_math_c99l.so
    /usr/lib/x86_64-linux-gnu/libboost_math_c99l.so.1.58.0
    /usr/lib/x86_64-linux-gnu/libboost_math_tr1.a
    /usr/lib/x86_64-linux-gnu/libboost_math_tr1.so
    /usr/lib/x86_64-linux-gnu/libboost_math_tr1.so.1.58.0
    /usr/lib/x86_64-linux-gnu/libboost_math_tr1f.a
    /usr/lib/x86_64-linux-gnu/libboost_math_tr1f.so
    /usr/lib/x86_64-linux-gnu/libboost_math_tr1f.so.1.58.0
    /usr/lib/x86_64-linux-gnu/libboost_math_tr1l.a
    /usr/lib/x86_64-linux-gnu/libboost_math_tr1l.so
    /usr/lib/x86_64-linux-gnu/libboost_math_tr1l.so.1.58.0
    /usr/lib/x86_64-linux-gnu/libboost_mpi.a
    /usr/lib/x86_64-linux-gnu/libboost_mpi.so
    /usr/lib/x86_64-linux-gnu/libboost_mpi.so.1.58.0
    /usr/lib/x86_64-linux-gnu/libboost_mpi_python-py27.a
    /usr/lib/x86_64-linux-gnu/libboost_mpi_python-py27.so
    /usr/lib/x86_64-linux-gnu/libboost_mpi_python-py27.so.1.58.0
    /usr/lib/x86_64-linux-gnu/libboost_mpi_python-py35.a
    /usr/lib/x86_64-linux-gnu/libboost_mpi_python-py35.so
    /usr/lib/x86_64-linux-gnu/libboost_mpi_python-py35.so.1.58.0
    /usr/lib/x86_64-linux-gnu/libboost_mpi_python.a
    /usr/lib/x86_64-linux-gnu/libboost_mpi_python.so
    /usr/lib/x86_64-linux-gnu/libboost_prg_exec_monitor.a
    /usr/lib/x86_64-linux-gnu/libboost_prg_exec_monitor.so
    /usr/lib/x86_64-linux-gnu/libboost_prg_exec_monitor.so.1.58.0
    /usr/lib/x86_64-linux-gnu/libboost_program_options.a
    /usr/lib/x86_64-linux-gnu/libboost_program_options.so
    /usr/lib/x86_64-linux-gnu/libboost_program_options.so.1.58.0
    /usr/lib/x86_64-linux-gnu/libboost_python-py27.a
    /usr/lib/x86_64-linux-gnu/libboost_python-py27.so
    /usr/lib/x86_64-linux-gnu/libboost_python-py27.so.1.58.0
    /usr/lib/x86_64-linux-gnu/libboost_python-py35.a
    /usr/lib/x86_64-linux-gnu/libboost_python-py35.so
    /usr/lib/x86_64-linux-gnu/libboost_python-py35.so.1.58.0
    /usr/lib/x86_64-linux-gnu/libboost_python.a
    /usr/lib/x86_64-linux-gnu/libboost_python.so
    /usr/lib/x86_64-linux-gnu/libboost_random.a
    /usr/lib/x86_64-linux-gnu/libboost_random.so
    /usr/lib/x86_64-linux-gnu/libboost_random.so.1.58.0
    /usr/lib/x86_64-linux-gnu/libboost_regex.a
    /usr/lib/x86_64-linux-gnu/libboost_regex.so
    /usr/lib/x86_64-linux-gnu/libboost_regex.so.1.58.0
    /usr/lib/x86_64-linux-gnu/libboost_serialization.a
    /usr/lib/x86_64-linux-gnu/libboost_serialization.so
    /usr/lib/x86_64-linux-gnu/libboost_serialization.so.1.58.0
    /usr/lib/x86_64-linux-gnu/libboost_signals.a
    /usr/lib/x86_64-linux-gnu/libboost_signals.so
    /usr/lib/x86_64-linux-gnu/libboost_signals.so.1.58.0
    /usr/lib/x86_64-linux-gnu/libboost_system.a
    /usr/lib/x86_64-linux-gnu/libboost_system.so
    /usr/lib/x86_64-linux-gnu/libboost_system.so.1.58.0
    /usr/lib/x86_64-linux-gnu/libboost_test_exec_monitor.a
    /usr/lib/x86_64-linux-gnu/libboost_thread.a
    /usr/lib/x86_64-linux-gnu/libboost_thread.so
    /usr/lib/x86_64-linux-gnu/libboost_thread.so.1.58.0
    /usr/lib/x86_64-linux-gnu/libboost_timer.a
    /usr/lib/x86_64-linux-gnu/libboost_timer.so
    /usr/lib/x86_64-linux-gnu/libboost_timer.so.1.58.0
    /usr/lib/x86_64-linux-gnu/libboost_unit_test_framework.a
    /usr/lib/x86_64-linux-gnu/libboost_unit_test_framework.so
    /usr/lib/x86_64-linux-gnu/libboost_unit_test_framework.so.1.58.0
    /usr/lib/x86_64-linux-gnu/libboost_wave.a
    /usr/lib/x86_64-linux-gnu/libboost_wave.so
    /usr/lib/x86_64-linux-gnu/libboost_wave.so.1.58.0
    /usr/lib/x86_64-linux-gnu/libboost_wserialization.a
    /usr/lib/x86_64-linux-gnu/libboost_wserialization.so
    /usr/lib/x86_64-linux-gnu/libboost_wserialization.so.1.58.0
Trying pattern boost_graph(-gcc[0-9]{0,3})-1_58.so$
Trying pattern boost_graph-1_58.so$
Trying pattern boost_graph(-gcc[0-9]{0,3}).so$
Trying pattern boost_graph.so$
Found boost lib libboost_graph.so
Trying pattern boost_thread(-gcc[0-9]{0,3})-1_58.so$
Trying pattern boost_thread-1_58.so$
Trying pattern boost_thread(-gcc[0-9]{0,3}).so$
Trying pattern boost_thread.so$
Found boost lib libboost_thread.so
Trying pattern boost_unit_test_framework(-gcc[0-9]{0,3})-1_58.so$
Trying pattern boost_unit_test_framework-1_58.so$
Trying pattern boost_unit_test_framework(-gcc[0-9]{0,3}).so$
Trying pattern boost_unit_test_framework.so$
Found boost lib libboost_unit_test_framework.so
Trying pattern boost_system(-gcc[0-9]{0,3})-1_58.so$
Trying pattern boost_system-1_58.so$
Trying pattern boost_system(-gcc[0-9]{0,3}).so$
Trying pattern boost_system.so$
Found boost lib libboost_system.so
Trying pattern boost_random(-gcc[0-9]{0,3})-1_58.so$
Trying pattern boost_random-1_58.so$
Trying pattern boost_random(-gcc[0-9]{0,3}).so$
Trying pattern boost_random.so$
Found boost lib libboost_random.so
Trying pattern boost_date_time(-gcc[0-9]{0,3})-1_58.so$
Trying pattern boost_date_time-1_58.so$
Trying pattern boost_date_time(-gcc[0-9]{0,3}).so$
Trying pattern boost_date_time.so$
Found boost lib libboost_date_time.so
Trying pattern boost_iostreams(-gcc[0-9]{0,3})-1_58.so$
Trying pattern boost_iostreams-1_58.so$
Trying pattern boost_iostreams(-gcc[0-9]{0,3}).so$
Trying pattern boost_iostreams.so$
Found boost lib libboost_iostreams.so
Trying pattern boost_regex(-gcc[0-9]{0,3})-1_58.so$
Trying pattern boost_regex-1_58.so$
Trying pattern boost_regex(-gcc[0-9]{0,3}).so$
Trying pattern boost_regex.so$
Found boost lib libboost_regex.so
Trying pattern boost_program_options(-gcc[0-9]{0,3})-1_58.so$
Trying pattern boost_program_options-1_58.so$
Trying pattern boost_program_options(-gcc[0-9]{0,3}).so$
Trying pattern boost_program_options.so$
Found boost lib libboost_program_options.so
Trying pattern boost_chrono(-gcc[0-9]{0,3})-1_58.so$
Trying pattern boost_chrono-1_58.so$
Trying pattern boost_chrono(-gcc[0-9]{0,3}).so$
Trying pattern boost_chrono.so$
Found boost lib libboost_chrono.so
Trying pattern boost_filesystem(-gcc[0-9]{0,3})-1_58.so$
Trying pattern boost_filesystem-1_58.so$
Trying pattern boost_filesystem(-gcc[0-9]{0,3}).so$
Trying pattern boost_filesystem.so$
Found boost lib libboost_filesystem.so
Trying pattern boost_system(-gcc[0-9]{0,3})-1_58.so$
Trying pattern boost_system-1_58.so$
Trying pattern boost_system(-gcc[0-9]{0,3}).so$
Trying pattern boost_system.so$
Found boost lib libboost_system.so
Trying pattern boost_signals(-gcc[0-9]{0,3})-1_58.so$
Trying pattern boost_signals-1_58.so$
Trying pattern boost_signals(-gcc[0-9]{0,3}).so$
Trying pattern boost_signals.so$
Found boost lib libboost_signals.so
Trying pattern boost_filesystem(-gcc[0-9]{0,3})-1_58.so$
Trying pattern boost_filesystem-1_58.so$
Trying pattern boost_filesystem(-gcc[0-9]{0,3}).so$
Trying pattern boost_filesystem.so$
Found boost lib libboost_filesystem.so
ok
------------------------------------------------------------------
Checking for boost linkage
==>

#include <boost/system/error_code.hpp>
int main() { boost::system::error_code c; }

<==
[1/2] Compiling [32mbuild/.conf_check_81662a543a4a7ae0843269283a8fc398/test.cpp[0m

['/usr/bin/g++', '-std=c++0x', '-std=c++11', '-O0', '-ggdb', '-g3', '-Wall', '-Wno-error=deprecated-declarations', '-fstrict-aliasing', '-Wstrict-aliasing', '-I/usr/include', '-DNS3_BUILD_PROFILE_DEBUG', '-DNS3_ASSERT_ENABLE', '-DNS3_LOG_ENABLE', '-DPYTHONDIR="/usr/local/lib/python2.7/dist-packages"', '-DPYTHONARCHDIR="/usr/local/lib/python2.7/dist-packages"', '-DHAVE_PYEMBED=1', '-DHAVE_PYEXT=1', '-DHAVE_PYTHON_H=1', '../test.cpp', '-c', '-o', '/home/wf/multimedia/ndnSIM2.1/ns-3/build/.conf_check_81662a543a4a7ae0843269283a8fc398/testbuild/test.cpp.1.o']
[2/2] Linking [33mbuild/.conf_check_81662a543a4a7ae0843269283a8fc398/testbuild/testprog[0m

['/usr/bin/g++', 'test.cpp.1.o', '-o', '/home/wf/multimedia/ndnSIM2.1/ns-3/build/.conf_check_81662a543a4a7ae0843269283a8fc398/testbuild/testprog', '-Wl,-Bstatic', '-Wl,-Bdynamic', '-L/usr/lib/x86_64-linux-gnu', '-lboost_graph', '-lboost_thread', '-lboost_unit_test_framework', '-lboost_system', '-lboost_random', '-lboost_date_time', '-lboost_iostreams', '-lboost_regex', '-lboost_program_options', '-lboost_chrono', '-lboost_filesystem', '-lboost_system', '-lboost_signals', '-lboost_filesystem']
==>

#include <boost/thread.hpp>
int main() { boost::thread t; }

<==
[1/2] Compiling [32mbuild/.conf_check_8467ba371723996fc56e268c545d3c54/test.cpp[0m

['/usr/bin/g++', '-std=c++0x', '-std=c++11', '-O0', '-ggdb', '-g3', '-Wall', '-Wno-error=deprecated-declarations', '-fstrict-aliasing', '-Wstrict-aliasing', '-I/usr/include', '-DNS3_BUILD_PROFILE_DEBUG', '-DNS3_ASSERT_ENABLE', '-DNS3_LOG_ENABLE', '-DPYTHONDIR="/usr/local/lib/python2.7/dist-packages"', '-DPYTHONARCHDIR="/usr/local/lib/python2.7/dist-packages"', '-DHAVE_PYEMBED=1', '-DHAVE_PYEXT=1', '-DHAVE_PYTHON_H=1', '../test.cpp', '-c', '-o', '/home/wf/multimedia/ndnSIM2.1/ns-3/build/.conf_check_8467ba371723996fc56e268c545d3c54/testbuild/test.cpp.1.o']
[2/2] Linking [33mbuild/.conf_check_8467ba371723996fc56e268c545d3c54/testbuild/testprog[0m

['/usr/bin/g++', 'test.cpp.1.o', '-o', '/home/wf/multimedia/ndnSIM2.1/ns-3/build/.conf_check_8467ba371723996fc56e268c545d3c54/testbuild/testprog', '-Wl,-Bstatic', '-Wl,-Bdynamic', '-L/usr/lib/x86_64-linux-gnu', '-lboost_graph', '-lboost_thread', '-lboost_unit_test_framework', '-lboost_system', '-lboost_random', '-lboost_date_time', '-lboost_iostreams', '-lboost_regex', '-lboost_program_options', '-lboost_chrono', '-lboost_filesystem', '-lboost_system', '-lboost_signals', '-lboost_filesystem']
ok
------------------------------------------------------------------
Checking for BRITE location
../BRITE (guessed)
------------------------------------------------------------------
Checking for library dl
==>

int main(int argc, char **argv) {
	(void)argc; (void)argv;
	return 0;
}

<==
[1/2] Compiling [32mbuild/.conf_check_eb9cf1b4a4c65e5c462d9065d5d62670/test.cpp[0m

['/usr/bin/g++', '-std=c++0x', '-std=c++11', '-O0', '-ggdb', '-g3', '-Wall', '-Wno-error=deprecated-declarations', '-fstrict-aliasing', '-Wstrict-aliasing', '-DNS3_BUILD_PROFILE_DEBUG', '-DNS3_ASSERT_ENABLE', '-DNS3_LOG_ENABLE', '-DPYTHONDIR="/usr/local/lib/python2.7/dist-packages"', '-DPYTHONARCHDIR="/usr/local/lib/python2.7/dist-packages"', '-DHAVE_PYEMBED=1', '-DHAVE_PYEXT=1', '-DHAVE_PYTHON_H=1', '../test.cpp', '-c', '-o', '/home/wf/multimedia/ndnSIM2.1/ns-3/build/.conf_check_eb9cf1b4a4c65e5c462d9065d5d62670/testbuild/test.cpp.1.o']
[2/2] Linking [33mbuild/.conf_check_eb9cf1b4a4c65e5c462d9065d5d62670/testbuild/testprog[0m

['/usr/bin/g++', 'test.cpp.1.o', '-o', '/home/wf/multimedia/ndnSIM2.1/ns-3/build/.conf_check_eb9cf1b4a4c65e5c462d9065d5d62670/testbuild/testprog', '-Wl,-Bstatic', '-Wl,-Bdynamic', '-ldl']
yes
------------------------------------------------------------------
Checking for library brite
==>

#include "Brite.h"

int main()
{
  return 0;
}

<==
[1/2] Compiling [32mbuild/.conf_check_67de7f8e0326ddd5bb6f92a5cce97377/test.cpp[0m

['/usr/bin/g++', '-std=c++0x', '-std=c++11', '-O0', '-ggdb', '-g3', '-Wall', '-Wno-error=deprecated-declarations', '-fstrict-aliasing', '-Wstrict-aliasing', '-I/home/wf/multimedia/ndnSIM2.1/BRITE', '-I/home/wf/multimedia/ndnSIM2.1/BRITE/Models', '-DNS3_BUILD_PROFILE_DEBUG', '-DNS3_ASSERT_ENABLE', '-DNS3_LOG_ENABLE', '-DPYTHONDIR="/usr/local/lib/python2.7/dist-packages"', '-DPYTHONARCHDIR="/usr/local/lib/python2.7/dist-packages"', '-DHAVE_PYEMBED=1', '-DHAVE_PYEXT=1', '-DHAVE_PYTHON_H=1', '-DDL=1', '-DNS3_BRITE', '../test.cpp', '-c', '-o', '/home/wf/multimedia/ndnSIM2.1/ns-3/build/.conf_check_67de7f8e0326ddd5bb6f92a5cce97377/testbuild/test.cpp.1.o']
[2/2] Linking [33mbuild/.conf_check_67de7f8e0326ddd5bb6f92a5cce97377/testbuild/testprog[0m

['/usr/bin/g++', 'test.cpp.1.o', '-o', '/home/wf/multimedia/ndnSIM2.1/ns-3/build/.conf_check_67de7f8e0326ddd5bb6f92a5cce97377/testbuild/testprog', '-Wl,-Bstatic', '-Wl,-Bdynamic', '-L/home/wf/multimedia/ndnSIM2.1/BRITE', '-L/home/wf/multimedia/ndnSIM2.1/BRITE', '-lbrite']
yes
------------------------------------------------------------------
Checking for click location
not found
------------------------------------------------------------------
Checking for program 'pkg-config'
/usr/bin/pkg-config
find program=['pkg-config'] paths=['/home/wf/bin', '/home/wf/.local/bin', '/usr/local/sbin', '/usr/local/bin', '/usr/sbin', '/usr/bin', '/sbin', '/bin', '/usr/games', '/usr/local/games', '/snap/bin'] var='PKGCONFIG' -> ['/usr/bin/pkg-config']
------------------------------------------------------------------
Checking for 'gtk+-2.0' >= 2.12
['/usr/bin/pkg-config', '--atleast-version=2.12', 'gtk+-2.0']
not found
from /home/wf/multimedia/ndnSIM2.1/ns-3/src/config-store: The configuration failed
------------------------------------------------------------------
Checking for 'libxml-2.0' >= 2.7
['/usr/bin/pkg-config', '--atleast-version=2.7', 'libxml-2.0']
['/usr/bin/pkg-config', '--cflags', '--libs', 'libxml-2.0']
out: -I/usr/include/libxml2 -lxml2

yes
------------------------------------------------------------------
Checking for type uint128_t
==>
#include <stdint.h>

int main(int argc, char **argv) {
	(void)argc; (void)argv;
	if ((uint128_t *) 0) return 0;
	if (sizeof (uint128_t)) return 0;
	return 1;
}

<==
[1/2] Compiling [32mbuild/.conf_check_25d3bd84271acd2bb65c88dace093022/test.cpp[0m

['/usr/bin/g++', '-std=c++0x', '-std=c++11', '-O0', '-ggdb', '-g3', '-Wall', '-Wno-error=deprecated-declarations', '-fstrict-aliasing', '-Wstrict-aliasing', '-DNS3_BUILD_PROFILE_DEBUG', '-DNS3_ASSERT_ENABLE', '-DNS3_LOG_ENABLE', '../test.cpp', '-c', '-o', '/home/wf/multimedia/ndnSIM2.1/ns-3/build/.conf_check_25d3bd84271acd2bb65c88dace093022/testbuild/test.cpp.1.o']
err: ../test.cpp: In function â€˜int main(int, char**)â€™:
../test.cpp:5:7: error: â€˜uint128_tâ€™ was not declared in this scope
  if ((uint128_t *) 0) return 0;
       ^
../test.cpp:5:18: error: expected primary-expression before â€˜)â€™ token
  if ((uint128_t *) 0) return 0;
                  ^
../test.cpp:5:20: error: expected â€˜)â€™ before numeric constant
  if ((uint128_t *) 0) return 0;
                    ^
../test.cpp:6:14: error: â€˜uint128_tâ€™ was not declared in this scope
  if (sizeof (uint128_t)) return 0;
              ^

from /home/wf/multimedia/ndnSIM2.1/ns-3/src/core: Test does not build: Traceback (most recent call last):
  File "/home/wf/multimedia/ndnSIM2.1/ns-3/.waf-1.8.12-f00e5b53f6bbeab1384a38c9cc5d51f7/waflib/Configure.py", line 339, in run_build
    bld.compile()
  File "/home/wf/multimedia/ndnSIM2.1/ns-3/.waf-1.8.12-f00e5b53f6bbeab1384a38c9cc5d51f7/waflib/Build.py", line 182, in compile
    raise Errors.BuildError(self.producer.error)
BuildError: Build failed
 -> task in 'testprog' failed (exit status 1): 
	{task 140594363965968: cxx test.cpp -> test.cpp.1.o}
['/usr/bin/g++', '-std=c++0x', '-std=c++11', '-O0', '-ggdb', '-g3', '-Wall', '-Wno-error=deprecated-declarations', '-fstrict-aliasing', '-Wstrict-aliasing', '-DNS3_BUILD_PROFILE_DEBUG', '-DNS3_ASSERT_ENABLE', '-DNS3_LOG_ENABLE', '../test.cpp', '-c', '-o', '/home/wf/multimedia/ndnSIM2.1/ns-3/build/.conf_check_25d3bd84271acd2bb65c88dace093022/testbuild/test.cpp.1.o']

not found
from /home/wf/multimedia/ndnSIM2.1/ns-3/src/core: The configuration failed
------------------------------------------------------------------
Checking for type __uint128_t
==>
#include <stdint.h>

int main(int argc, char **argv) {
	(void)argc; (void)argv;
	if ((__uint128_t *) 0) return 0;
	if (sizeof (__uint128_t)) return 0;
	return 1;
}

<==
[1/2] Compiling [32mbuild/.conf_check_70963d8e4184da943f0fb27c992aa2b1/test.cpp[0m

['/usr/bin/g++', '-std=c++0x', '-std=c++11', '-O0', '-ggdb', '-g3', '-Wall', '-Wno-error=deprecated-declarations', '-fstrict-aliasing', '-Wstrict-aliasing', '-DNS3_BUILD_PROFILE_DEBUG', '-DNS3_ASSERT_ENABLE', '-DNS3_LOG_ENABLE', '../test.cpp', '-c', '-o', '/home/wf/multimedia/ndnSIM2.1/ns-3/build/.conf_check_70963d8e4184da943f0fb27c992aa2b1/testbuild/test.cpp.1.o']
[2/2] Linking [33mbuild/.conf_check_70963d8e4184da943f0fb27c992aa2b1/testbuild/testprog[0m

['/usr/bin/g++', 'test.cpp.1.o', '-o', '/home/wf/multimedia/ndnSIM2.1/ns-3/build/.conf_check_70963d8e4184da943f0fb27c992aa2b1/testbuild/testprog', '-Wl,-Bstatic', '-Wl,-Bdynamic']
yes
------------------------------------------------------------------
Checking high precision implementation
128-bit integer (default)
------------------------------------------------------------------
Checking for header stdint.h
==>
#include <stdint.h>

int main(int argc, char **argv) {
	(void)argc; (void)argv;
	return 0;
}

<==
[1/2] Compiling [32mbuild/.conf_check_971a2e452d818c20004494cdce82d970/test.cpp[0m

['/usr/bin/g++', '-std=c++0x', '-std=c++11', '-O0', '-ggdb', '-g3', '-Wall', '-Wno-error=deprecated-declarations', '-fstrict-aliasing', '-Wstrict-aliasing', '-DNS3_BUILD_PROFILE_DEBUG', '-DNS3_ASSERT_ENABLE', '-DNS3_LOG_ENABLE', '-DHAVE___UINT128_T=1', '-DINT64X64_USE_128=1', '../test.cpp', '-c', '-o', '/home/wf/multimedia/ndnSIM2.1/ns-3/build/.conf_check_971a2e452d818c20004494cdce82d970/testbuild/test.cpp.1.o']
[2/2] Linking [33mbuild/.conf_check_971a2e452d818c20004494cdce82d970/testbuild/testprog[0m

['/usr/bin/g++', 'test.cpp.1.o', '-o', '/home/wf/multimedia/ndnSIM2.1/ns-3/build/.conf_check_971a2e452d818c20004494cdce82d970/testbuild/testprog', '-Wl,-Bstatic', '-Wl,-Bdynamic']
yes
------------------------------------------------------------------
Checking for header inttypes.h
==>
#include <inttypes.h>

int main(int argc, char **argv) {
	(void)argc; (void)argv;
	return 0;
}

<==
[1/2] Compiling [32mbuild/.conf_check_2c2f678198cc118560d7d47eaa88e9ed/test.cpp[0m

['/usr/bin/g++', '-std=c++0x', '-std=c++11', '-O0', '-ggdb', '-g3', '-Wall', '-Wno-error=deprecated-declarations', '-fstrict-aliasing', '-Wstrict-aliasing', '-DNS3_BUILD_PROFILE_DEBUG', '-DNS3_ASSERT_ENABLE', '-DNS3_LOG_ENABLE', '-DHAVE___UINT128_T=1', '-DINT64X64_USE_128=1', '-DHAVE_STDINT_H=1', '../test.cpp', '-c', '-o', '/home/wf/multimedia/ndnSIM2.1/ns-3/build/.conf_check_2c2f678198cc118560d7d47eaa88e9ed/testbuild/test.cpp.1.o']
[2/2] Linking [33mbuild/.conf_check_2c2f678198cc118560d7d47eaa88e9ed/testbuild/testprog[0m

['/usr/bin/g++', 'test.cpp.1.o', '-o', '/home/wf/multimedia/ndnSIM2.1/ns-3/build/.conf_check_2c2f678198cc118560d7d47eaa88e9ed/testbuild/testprog', '-Wl,-Bstatic', '-Wl,-Bdynamic']
yes
------------------------------------------------------------------
Checking for header sys/inttypes.h
==>
#include <sys/inttypes.h>

int main(int argc, char **argv) {
	(void)argc; (void)argv;
	return 0;
}

<==
[1/2] Compiling [32mbuild/.conf_check_442205ad32ec5f1e744e1b405faa88af/test.cpp[0m

['/usr/bin/g++', '-std=c++0x', '-std=c++11', '-O0', '-ggdb', '-g3', '-Wall', '-Wno-error=deprecated-declarations', '-fstrict-aliasing', '-Wstrict-aliasing', '-DNS3_BUILD_PROFILE_DEBUG', '-DNS3_ASSERT_ENABLE', '-DNS3_LOG_ENABLE', '-DHAVE___UINT128_T=1', '-DINT64X64_USE_128=1', '-DHAVE_STDINT_H=1', '-DHAVE_INTTYPES_H=1', '../test.cpp', '-c', '-o', '/home/wf/multimedia/ndnSIM2.1/ns-3/build/.conf_check_442205ad32ec5f1e744e1b405faa88af/testbuild/test.cpp.1.o']
err: ../test.cpp:1:26: fatal error: sys/inttypes.h: No such file or directory
compilation terminated.

from /home/wf/multimedia/ndnSIM2.1/ns-3/src/core: Test does not build: Traceback (most recent call last):
  File "/home/wf/multimedia/ndnSIM2.1/ns-3/.waf-1.8.12-f00e5b53f6bbeab1384a38c9cc5d51f7/waflib/Configure.py", line 339, in run_build
    bld.compile()
  File "/home/wf/multimedia/ndnSIM2.1/ns-3/.waf-1.8.12-f00e5b53f6bbeab1384a38c9cc5d51f7/waflib/Build.py", line 182, in compile
    raise Errors.BuildError(self.producer.error)
BuildError: Build failed
 -> task in 'testprog' failed (exit status 1): 
	{task 140594364021136: cxx test.cpp -> test.cpp.1.o}
['/usr/bin/g++', '-std=c++0x', '-std=c++11', '-O0', '-ggdb', '-g3', '-Wall', '-Wno-error=deprecated-declarations', '-fstrict-aliasing', '-Wstrict-aliasing', '-DNS3_BUILD_PROFILE_DEBUG', '-DNS3_ASSERT_ENABLE', '-DNS3_LOG_ENABLE', '-DHAVE___UINT128_T=1', '-DINT64X64_USE_128=1', '-DHAVE_STDINT_H=1', '-DHAVE_INTTYPES_H=1', '../test.cpp', '-c', '-o', '/home/wf/multimedia/ndnSIM2.1/ns-3/build/.conf_check_442205ad32ec5f1e744e1b405faa88af/testbuild/test.cpp.1.o']

not found
from /home/wf/multimedia/ndnSIM2.1/ns-3/src/core: The configuration failed
------------------------------------------------------------------
Checking for header sys/types.h
==>
#include <sys/types.h>

int main(int argc, char **argv) {
	(void)argc; (void)argv;
	return 0;
}

<==
[1/2] Compiling [32mbuild/.conf_check_89c19387299f2da8a504440caf36da9b/test.cpp[0m

['/usr/bin/g++', '-std=c++0x', '-std=c++11', '-O0', '-ggdb', '-g3', '-Wall', '-Wno-error=deprecated-declarations', '-fstrict-aliasing', '-Wstrict-aliasing', '-DNS3_BUILD_PROFILE_DEBUG', '-DNS3_ASSERT_ENABLE', '-DNS3_LOG_ENABLE', '-DHAVE___UINT128_T=1', '-DINT64X64_USE_128=1', '-DHAVE_STDINT_H=1', '-DHAVE_INTTYPES_H=1', '../test.cpp', '-c', '-o', '/home/wf/multimedia/ndnSIM2.1/ns-3/build/.conf_check_89c19387299f2da8a504440caf36da9b/testbuild/test.cpp.1.o']
[2/2] Linking [33mbuild/.conf_check_89c19387299f2da8a504440caf36da9b/testbuild/testprog[0m

['/usr/bin/g++', 'test.cpp.1.o', '-o', '/home/wf/multimedia/ndnSIM2.1/ns-3/build/.conf_check_89c19387299f2da8a504440caf36da9b/testbuild/testprog', '-Wl,-Bstatic', '-Wl,-Bdynamic']
yes
------------------------------------------------------------------
Checking for header sys/stat.h
==>
#include <sys/stat.h>

int main(int argc, char **argv) {
	(void)argc; (void)argv;
	return 0;
}

<==
[1/2] Compiling [32mbuild/.conf_check_2539f16eacf99e853d0c25334724d420/test.cpp[0m

['/usr/bin/g++', '-std=c++0x', '-std=c++11', '-O0', '-ggdb', '-g3', '-Wall', '-Wno-error=deprecated-declarations', '-fstrict-aliasing', '-Wstrict-aliasing', '-DNS3_BUILD_PROFILE_DEBUG', '-DNS3_ASSERT_ENABLE', '-DNS3_LOG_ENABLE', '-DHAVE___UINT128_T=1', '-DINT64X64_USE_128=1', '-DHAVE_STDINT_H=1', '-DHAVE_INTTYPES_H=1', '-DHAVE_SYS_TYPES_H=1', '../test.cpp', '-c', '-o', '/home/wf/multimedia/ndnSIM2.1/ns-3/build/.conf_check_2539f16eacf99e853d0c25334724d420/testbuild/test.cpp.1.o']
[2/2] Linking [33mbuild/.conf_check_2539f16eacf99e853d0c25334724d420/testbuild/testprog[0m

['/usr/bin/g++', 'test.cpp.1.o', '-o', '/home/wf/multimedia/ndnSIM2.1/ns-3/build/.conf_check_2539f16eacf99e853d0c25334724d420/testbuild/testprog', '-Wl,-Bstatic', '-Wl,-Bdynamic']
yes
------------------------------------------------------------------
Checking for header dirent.h
==>
#include <dirent.h>

int main(int argc, char **argv) {
	(void)argc; (void)argv;
	return 0;
}

<==
[1/2] Compiling [32mbuild/.conf_check_2d3cdc2811e6b855dd80871a5d3860e6/test.cpp[0m

['/usr/bin/g++', '-std=c++0x', '-std=c++11', '-O0', '-ggdb', '-g3', '-Wall', '-Wno-error=deprecated-declarations', '-fstrict-aliasing', '-Wstrict-aliasing', '-DNS3_BUILD_PROFILE_DEBUG', '-DNS3_ASSERT_ENABLE', '-DNS3_LOG_ENABLE', '-DHAVE___UINT128_T=1', '-DINT64X64_USE_128=1', '-DHAVE_STDINT_H=1', '-DHAVE_INTTYPES_H=1', '-DHAVE_SYS_TYPES_H=1', '-DHAVE_SYS_STAT_H=1', '../test.cpp', '-c', '-o', '/home/wf/multimedia/ndnSIM2.1/ns-3/build/.conf_check_2d3cdc2811e6b855dd80871a5d3860e6/testbuild/test.cpp.1.o']
[2/2] Linking [33mbuild/.conf_check_2d3cdc2811e6b855dd80871a5d3860e6/testbuild/testprog[0m

['/usr/bin/g++', 'test.cpp.1.o', '-o', '/home/wf/multimedia/ndnSIM2.1/ns-3/build/.conf_check_2d3cdc2811e6b855dd80871a5d3860e6/testbuild/testprog', '-Wl,-Bstatic', '-Wl,-Bdynamic']
yes
------------------------------------------------------------------
Checking for header stdlib.h
==>
#include <stdlib.h>

int main(int argc, char **argv) {
	(void)argc; (void)argv;
	return 0;
}

<==
[1/2] Compiling [32mbuild/.conf_check_6118160568abb64ac4c8b0875d855d95/test.cpp[0m

['/usr/bin/g++', '-std=c++0x', '-std=c++11', '-O0', '-ggdb', '-g3', '-Wall', '-Wno-error=deprecated-declarations', '-fstrict-aliasing', '-Wstrict-aliasing', '-DNS3_BUILD_PROFILE_DEBUG', '-DNS3_ASSERT_ENABLE', '-DNS3_LOG_ENABLE', '-DHAVE___UINT128_T=1', '-DINT64X64_USE_128=1', '-DHAVE_STDINT_H=1', '-DHAVE_INTTYPES_H=1', '-DHAVE_SYS_TYPES_H=1', '-DHAVE_SYS_STAT_H=1', '-DHAVE_DIRENT_H=1', '../test.cpp', '-c', '-o', '/home/wf/multimedia/ndnSIM2.1/ns-3/build/.conf_check_6118160568abb64ac4c8b0875d855d95/testbuild/test.cpp.1.o']
[2/2] Linking [33mbuild/.conf_check_6118160568abb64ac4c8b0875d855d95/testbuild/testprog[0m

['/usr/bin/g++', 'test.cpp.1.o', '-o', '/home/wf/multimedia/ndnSIM2.1/ns-3/build/.conf_check_6118160568abb64ac4c8b0875d855d95/testbuild/testprog', '-Wl,-Bstatic', '-Wl,-Bdynamic']
yes
------------------------------------------------------------------
Checking for header signal.h
==>
#include <signal.h>

int main(int argc, char **argv) {
	(void)argc; (void)argv;
	return 0;
}

<==
[1/2] Compiling [32mbuild/.conf_check_1e3806681a108e2d0314327c574bf61f/test.cpp[0m

['/usr/bin/g++', '-std=c++0x', '-std=c++11', '-O0', '-ggdb', '-g3', '-Wall', '-Wno-error=deprecated-declarations', '-fstrict-aliasing', '-Wstrict-aliasing', '-DNS3_BUILD_PROFILE_DEBUG', '-DNS3_ASSERT_ENABLE', '-DNS3_LOG_ENABLE', '-DHAVE___UINT128_T=1', '-DINT64X64_USE_128=1', '-DHAVE_STDINT_H=1', '-DHAVE_INTTYPES_H=1', '-DHAVE_SYS_TYPES_H=1', '-DHAVE_SYS_STAT_H=1', '-DHAVE_DIRENT_H=1', '-DHAVE_STDLIB_H=1', '-DHAVE_GETENV=1', '../test.cpp', '-c', '-o', '/home/wf/multimedia/ndnSIM2.1/ns-3/build/.conf_check_1e3806681a108e2d0314327c574bf61f/testbuild/test.cpp.1.o']
[2/2] Linking [33mbuild/.conf_check_1e3806681a108e2d0314327c574bf61f/testbuild/testprog[0m

['/usr/bin/g++', 'test.cpp.1.o', '-o', '/home/wf/multimedia/ndnSIM2.1/ns-3/build/.conf_check_1e3806681a108e2d0314327c574bf61f/testbuild/testprog', '-Wl,-Bstatic', '-Wl,-Bdynamic']
yes
------------------------------------------------------------------
Checking for header pthread.h
==>

#include <pthread.h>
int main ()
{
   pthread_mutex_t m;
   pthread_mutex_init (&m, NULL);
   return 0;
}

<==
[1/2] Compiling [32mbuild/.conf_check_c3a09bdaf58f95040311bac391415091/test.cpp[0m

['/usr/bin/g++', '-std=c++0x', '-std=c++11', '-O0', '-ggdb', '-g3', '-Wall', '-Wno-error=deprecated-declarations', '-fstrict-aliasing', '-Wstrict-aliasing', '-pthread', '-DNS3_BUILD_PROFILE_DEBUG', '-DNS3_ASSERT_ENABLE', '-DNS3_LOG_ENABLE', '-DHAVE___UINT128_T=1', '-DINT64X64_USE_128=1', '-DHAVE_STDINT_H=1', '-DHAVE_INTTYPES_H=1', '-DHAVE_SYS_TYPES_H=1', '-DHAVE_SYS_STAT_H=1', '-DHAVE_DIRENT_H=1', '-DHAVE_STDLIB_H=1', '-DHAVE_GETENV=1', '-DHAVE_SIGNAL_H=1', '../test.cpp', '-c', '-o', '/home/wf/multimedia/ndnSIM2.1/ns-3/build/.conf_check_c3a09bdaf58f95040311bac391415091/testbuild/test.cpp.1.o']
[2/2] Linking [33mbuild/.conf_check_c3a09bdaf58f95040311bac391415091/testbuild/testprog[0m

['/usr/bin/g++', '-pthread', 'test.cpp.1.o', '-o', '/home/wf/multimedia/ndnSIM2.1/ns-3/build/.conf_check_c3a09bdaf58f95040311bac391415091/testbuild/testprog', '-Wl,-Bstatic', '-Wl,-Bdynamic']
yes
------------------------------------------------------------------
Checking for header stdint.h
==>
#include <stdint.h>

int main(int argc, char **argv) {
	(void)argc; (void)argv;
	return 0;
}

<==
[1/2] Compiling [32mbuild/.conf_check_971a2e452d818c20004494cdce82d970/test.cpp[0m

['/usr/bin/g++', '-std=c++0x', '-std=c++11', '-O0', '-ggdb', '-g3', '-Wall', '-Wno-error=deprecated-declarations', '-fstrict-aliasing', '-Wstrict-aliasing', '-DNS3_BUILD_PROFILE_DEBUG', '-DNS3_ASSERT_ENABLE', '-DNS3_LOG_ENABLE', '-DHAVE___UINT128_T=1', '-DINT64X64_USE_128=1', '-DHAVE_INTTYPES_H=1', '-DHAVE_SYS_TYPES_H=1', '-DHAVE_SYS_STAT_H=1', '-DHAVE_DIRENT_H=1', '-DHAVE_STDLIB_H=1', '-DHAVE_GETENV=1', '-DHAVE_SIGNAL_H=1', '-DHAVE_PTHREAD_H=1', '../test.cpp', '-c', '-o', '/home/wf/multimedia/ndnSIM2.1/ns-3/build/.conf_check_971a2e452d818c20004494cdce82d970/testbuild/test.cpp.1.o']
[2/2] Linking [33mbuild/.conf_check_971a2e452d818c20004494cdce82d970/testbuild/testprog[0m

['/usr/bin/g++', 'test.cpp.1.o', '-o', '/home/wf/multimedia/ndnSIM2.1/ns-3/build/.conf_check_971a2e452d818c20004494cdce82d970/testbuild/testprog', '-Wl,-Bstatic', '-Wl,-Bdynamic']
yes
------------------------------------------------------------------
Checking for header inttypes.h
==>
#include <inttypes.h>

int main(int argc, char **argv) {
	(void)argc; (void)argv;
	return 0;
}

<==
[1/2] Compiling [32mbuild/.conf_check_2c2f678198cc118560d7d47eaa88e9ed/test.cpp[0m

['/usr/bin/g++', '-std=c++0x', '-std=c++11', '-O0', '-ggdb', '-g3', '-Wall', '-Wno-error=deprecated-declarations', '-fstrict-aliasing', '-Wstrict-aliasing', '-DNS3_BUILD_PROFILE_DEBUG', '-DNS3_ASSERT_ENABLE', '-DNS3_LOG_ENABLE', '-DHAVE___UINT128_T=1', '-DINT64X64_USE_128=1', '-DHAVE_SYS_TYPES_H=1', '-DHAVE_SYS_STAT_H=1', '-DHAVE_DIRENT_H=1', '-DHAVE_STDLIB_H=1', '-DHAVE_GETENV=1', '-DHAVE_SIGNAL_H=1', '-DHAVE_PTHREAD_H=1', '-DHAVE_STDINT_H=1', '../test.cpp', '-c', '-o', '/home/wf/multimedia/ndnSIM2.1/ns-3/build/.conf_check_2c2f678198cc118560d7d47eaa88e9ed/testbuild/test.cpp.1.o']
[2/2] Linking [33mbuild/.conf_check_2c2f678198cc118560d7d47eaa88e9ed/testbuild/testprog[0m

['/usr/bin/g++', 'test.cpp.1.o', '-o', '/home/wf/multimedia/ndnSIM2.1/ns-3/build/.conf_check_2c2f678198cc118560d7d47eaa88e9ed/testbuild/testprog', '-Wl,-Bstatic', '-Wl,-Bdynamic']
yes
------------------------------------------------------------------
Checking for header sys/inttypes.h
==>
#include <sys/inttypes.h>

int main(int argc, char **argv) {
	(void)argc; (void)argv;
	return 0;
}

<==
[1/2] Compiling [32mbuild/.conf_check_442205ad32ec5f1e744e1b405faa88af/test.cpp[0m

['/usr/bin/g++', '-std=c++0x', '-std=c++11', '-O0', '-ggdb', '-g3', '-Wall', '-Wno-error=deprecated-declarations', '-fstrict-aliasing', '-Wstrict-aliasing', '-DNS3_BUILD_PROFILE_DEBUG', '-DNS3_ASSERT_ENABLE', '-DNS3_LOG_ENABLE', '-DHAVE___UINT128_T=1', '-DINT64X64_USE_128=1', '-DHAVE_SYS_TYPES_H=1', '-DHAVE_SYS_STAT_H=1', '-DHAVE_DIRENT_H=1', '-DHAVE_STDLIB_H=1', '-DHAVE_GETENV=1', '-DHAVE_SIGNAL_H=1', '-DHAVE_PTHREAD_H=1', '-DHAVE_STDINT_H=1', '-DHAVE_INTTYPES_H=1', '../test.cpp', '-c', '-o', '/home/wf/multimedia/ndnSIM2.1/ns-3/build/.conf_check_442205ad32ec5f1e744e1b405faa88af/testbuild/test.cpp.1.o']
err: ../test.cpp:1:26: fatal error: sys/inttypes.h: No such file or directory
compilation terminated.

from /home/wf/multimedia/ndnSIM2.1/ns-3/src/core: Test does not build: Traceback (most recent call last):
  File "/home/wf/multimedia/ndnSIM2.1/ns-3/.waf-1.8.12-f00e5b53f6bbeab1384a38c9cc5d51f7/waflib/Configure.py", line 339, in run_build
    bld.compile()
  File "/home/wf/multimedia/ndnSIM2.1/ns-3/.waf-1.8.12-f00e5b53f6bbeab1384a38c9cc5d51f7/waflib/Build.py", line 182, in compile
    raise Errors.BuildError(self.producer.error)
BuildError: Build failed
 -> task in 'testprog' failed (exit status 1): 
	{task 140594364027984: cxx test.cpp -> test.cpp.1.o}
['/usr/bin/g++', '-std=c++0x', '-std=c++11', '-O0', '-ggdb', '-g3', '-Wall', '-Wno-error=deprecated-declarations', '-fstrict-aliasing', '-Wstrict-aliasing', '-DNS3_BUILD_PROFILE_DEBUG', '-DNS3_ASSERT_ENABLE', '-DNS3_LOG_ENABLE', '-DHAVE___UINT128_T=1', '-DINT64X64_USE_128=1', '-DHAVE_SYS_TYPES_H=1', '-DHAVE_SYS_STAT_H=1', '-DHAVE_DIRENT_H=1', '-DHAVE_STDLIB_H=1', '-DHAVE_GETENV=1', '-DHAVE_SIGNAL_H=1', '-DHAVE_PTHREAD_H=1', '-DHAVE_STDINT_H=1', '-DHAVE_INTTYPES_H=1', '../test.cpp', '-c', '-o', '/home/wf/multimedia/ndnSIM2.1/ns-3/build/.conf_check_442205ad32ec5f1e744e1b405faa88af/testbuild/test.cpp.1.o']

not found
from /home/wf/multimedia/ndnSIM2.1/ns-3/src/core: The configuration failed
------------------------------------------------------------------
Checking for library rt
==>

int main(int argc, char **argv) {
	(void)argc; (void)argv;
	return 0;
}

<==
[1/2] Compiling [32mbuild/.conf_check_439bd238bfd829721e42b94fac329456/test.cpp[0m

['/usr/bin/g++', '-std=c++0x', '-std=c++11', '-O0', '-ggdb', '-g3', '-Wall', '-Wno-error=deprecated-declarations', '-fstrict-aliasing', '-Wstrict-aliasing', '-pthread', '-DNS3_BUILD_PROFILE_DEBUG', '-DNS3_ASSERT_ENABLE', '-DNS3_LOG_ENABLE', '-DHAVE___UINT128_T=1', '-DINT64X64_USE_128=1', '-DHAVE_SYS_TYPES_H=1', '-DHAVE_SYS_STAT_H=1', '-DHAVE_DIRENT_H=1', '-DHAVE_STDLIB_H=1', '-DHAVE_GETENV=1', '-DHAVE_SIGNAL_H=1', '-DHAVE_PTHREAD_H=1', '-DHAVE_STDINT_H=1', '-DHAVE_INTTYPES_H=1', '../test.cpp', '-c', '-o', '/home/wf/multimedia/ndnSIM2.1/ns-3/build/.conf_check_439bd238bfd829721e42b94fac329456/testbuild/test.cpp.1.o']
[2/2] Linking [33mbuild/.conf_check_439bd238bfd829721e42b94fac329456/testbuild/testprog[0m

['/usr/bin/g++', '-pthread', 'test.cpp.1.o', '-o', '/home/wf/multimedia/ndnSIM2.1/ns-3/build/.conf_check_439bd238bfd829721e42b94fac329456/testbuild/testprog', '-Wl,-Bstatic', '-Wl,-Bdynamic', '-lrt']
yes
------------------------------------------------------------------
Checking for header sys/ioctl.h
==>
#include <sys/ioctl.h>

int main(int argc, char **argv) {
	(void)argc; (void)argv;
	return 0;
}

<==
[1/2] Compiling [32mbuild/.conf_check_b0c00d31951312d70aab42daaf9f5bbe/test.cpp[0m

['/usr/bin/g++', '-std=c++0x', '-std=c++11', '-O0', '-ggdb', '-g3', '-Wall', '-Wno-error=deprecated-declarations', '-fstrict-aliasing', '-Wstrict-aliasing', '-DNS3_BUILD_PROFILE_DEBUG', '-DNS3_ASSERT_ENABLE', '-DNS3_LOG_ENABLE', '../test.cpp', '-c', '-o', '/home/wf/multimedia/ndnSIM2.1/ns-3/build/.conf_check_b0c00d31951312d70aab42daaf9f5bbe/testbuild/test.cpp.1.o']
[2/2] Linking [33mbuild/.conf_check_b0c00d31951312d70aab42daaf9f5bbe/testbuild/testprog[0m

['/usr/bin/g++', 'test.cpp.1.o', '-o', '/home/wf/multimedia/ndnSIM2.1/ns-3/build/.conf_check_b0c00d31951312d70aab42daaf9f5bbe/testbuild/testprog', '-Wl,-Bstatic', '-Wl,-Bdynamic']
yes
------------------------------------------------------------------
Checking for header net/if.h
==>
#include <net/if.h>

int main(int argc, char **argv) {
	(void)argc; (void)argv;
	return 0;
}

<==
[1/2] Compiling [32mbuild/.conf_check_2851977e4ca8ee62f8532f12c89ccfc0/test.cpp[0m

['/usr/bin/g++', '-std=c++0x', '-std=c++11', '-O0', '-ggdb', '-g3', '-Wall', '-Wno-error=deprecated-declarations', '-fstrict-aliasing', '-Wstrict-aliasing', '-DNS3_BUILD_PROFILE_DEBUG', '-DNS3_ASSERT_ENABLE', '-DNS3_LOG_ENABLE', '-DHAVE_SYS_IOCTL_H=1', '../test.cpp', '-c', '-o', '/home/wf/multimedia/ndnSIM2.1/ns-3/build/.conf_check_2851977e4ca8ee62f8532f12c89ccfc0/testbuild/test.cpp.1.o']
[2/2] Linking [33mbuild/.conf_check_2851977e4ca8ee62f8532f12c89ccfc0/testbuild/testprog[0m

['/usr/bin/g++', 'test.cpp.1.o', '-o', '/home/wf/multimedia/ndnSIM2.1/ns-3/build/.conf_check_2851977e4ca8ee62f8532f12c89ccfc0/testbuild/testprog', '-Wl,-Bstatic', '-Wl,-Bdynamic']
yes
------------------------------------------------------------------
Checking for header net/ethernet.h
==>
#include <net/ethernet.h>

int main(int argc, char **argv) {
	(void)argc; (void)argv;
	return 0;
}

<==
[1/2] Compiling [32mbuild/.conf_check_25722e934c1e78baa5975cde4aca8702/test.cpp[0m

['/usr/bin/g++', '-std=c++0x', '-std=c++11', '-O0', '-ggdb', '-g3', '-Wall', '-Wno-error=deprecated-declarations', '-fstrict-aliasing', '-Wstrict-aliasing', '-DNS3_BUILD_PROFILE_DEBUG', '-DNS3_ASSERT_ENABLE', '-DNS3_LOG_ENABLE', '-DHAVE_SYS_IOCTL_H=1', '-DHAVE_IF_NETS_H=1', '../test.cpp', '-c', '-o', '/home/wf/multimedia/ndnSIM2.1/ns-3/build/.conf_check_25722e934c1e78baa5975cde4aca8702/testbuild/test.cpp.1.o']
[2/2] Linking [33mbuild/.conf_check_25722e934c1e78baa5975cde4aca8702/testbuild/testprog[0m

['/usr/bin/g++', 'test.cpp.1.o', '-o', '/home/wf/multimedia/ndnSIM2.1/ns-3/build/.conf_check_25722e934c1e78baa5975cde4aca8702/testbuild/testprog', '-Wl,-Bstatic', '-Wl,-Bdynamic']
yes
------------------------------------------------------------------
Checking for header linux/if_tun.h
==>
#include <linux/if_tun.h>

int main(int argc, char **argv) {
	(void)argc; (void)argv;
	return 0;
}

<==
[1/2] Compiling [32mbuild/.conf_check_4d920e478f6fc62a7d7ca55d26738435/test.cpp[0m

['/usr/bin/g++', '-std=c++0x', '-std=c++11', '-O0', '-ggdb', '-g3', '-Wall', '-Wno-error=deprecated-declarations', '-fstrict-aliasing', '-Wstrict-aliasing', '-DNS3_BUILD_PROFILE_DEBUG', '-DNS3_ASSERT_ENABLE', '-DNS3_LOG_ENABLE', '-DHAVE_SYS_IOCTL_H=1', '-DHAVE_IF_NETS_H=1', '-DHAVE_NET_ETHERNET_H=1', '../test.cpp', '-c', '-o', '/home/wf/multimedia/ndnSIM2.1/ns-3/build/.conf_check_4d920e478f6fc62a7d7ca55d26738435/testbuild/test.cpp.1.o']
[2/2] Linking [33mbuild/.conf_check_4d920e478f6fc62a7d7ca55d26738435/testbuild/testprog[0m

['/usr/bin/g++', 'test.cpp.1.o', '-o', '/home/wf/multimedia/ndnSIM2.1/ns-3/build/.conf_check_4d920e478f6fc62a7d7ca55d26738435/testbuild/testprog', '-Wl,-Bstatic', '-Wl,-Bdynamic']
yes
------------------------------------------------------------------
Checking for header netpacket/packet.h
==>
#include <netpacket/packet.h>

int main(int argc, char **argv) {
	(void)argc; (void)argv;
	return 0;
}

<==
[1/2] Compiling [32mbuild/.conf_check_09dbdae9f9a017bee5b039b962dcf033/test.cpp[0m

['/usr/bin/g++', '-std=c++0x', '-std=c++11', '-O0', '-ggdb', '-g3', '-Wall', '-Wno-error=deprecated-declarations', '-fstrict-aliasing', '-Wstrict-aliasing', '-DNS3_BUILD_PROFILE_DEBUG', '-DNS3_ASSERT_ENABLE', '-DNS3_LOG_ENABLE', '-DHAVE_SYS_IOCTL_H=1', '-DHAVE_IF_NETS_H=1', '-DHAVE_NET_ETHERNET_H=1', '-DHAVE_IF_TUN_H=1', '../test.cpp', '-c', '-o', '/home/wf/multimedia/ndnSIM2.1/ns-3/build/.conf_check_09dbdae9f9a017bee5b039b962dcf033/testbuild/test.cpp.1.o']
[2/2] Linking [33mbuild/.conf_check_09dbdae9f9a017bee5b039b962dcf033/testbuild/testprog[0m

['/usr/bin/g++', 'test.cpp.1.o', '-o', '/home/wf/multimedia/ndnSIM2.1/ns-3/build/.conf_check_09dbdae9f9a017bee5b039b962dcf033/testbuild/testprog', '-Wl,-Bstatic', '-Wl,-Bdynamic']
yes
------------------------------------------------------------------
Checking for NSC location
not found
------------------------------------------------------------------
Checking for program 'doxygen'
not found
find program=['doxygen'] paths=['/home/wf/bin', '/home/wf/.local/bin', '/usr/local/sbin', '/usr/local/bin', '/usr/sbin', '/usr/bin', '/sbin', '/bin', '/usr/games', '/usr/local/games', '/snap/bin'] var='DOXYGEN' -> None
from /home/wf/multimedia/ndnSIM2.1/ns-3/src/ndnSIM: Could not find the program ['doxygen']
------------------------------------------------------------------
Checking for program 'tar'
/bin/tar
find program=['tar'] paths=['/home/wf/bin', '/home/wf/.local/bin', '/usr/local/sbin', '/usr/local/bin', '/usr/sbin', '/usr/bin', '/sbin', '/bin', '/usr/games', '/usr/local/games', '/snap/bin'] var='TAR' -> ['/bin/tar']
------------------------------------------------------------------
Checking for program 'sphinx-build'
not found
find program=['sphinx-build'] paths=['/home/wf/bin', '/home/wf/.local/bin', '/usr/local/sbin', '/usr/local/bin', '/usr/sbin', '/usr/bin', '/sbin', '/bin', '/usr/games', '/usr/local/games', '/snap/bin'] var='SPHINX_BUILD' -> None
from /home/wf/multimedia/ndnSIM2.1/ns-3/src/ndnSIM: Could not find the program ['sphinx-build']
------------------------------------------------------------------
Checking for std::is_default_constructible
==>
#include <type_traits>
static_assert(std::is_default_constructible<int>::value, "");
<==
[1/1] Compiling [32mbuild/.conf_check_a4166ac429c5aa1860605a39892ce190/test.cpp[0m

['/usr/bin/g++', '-std=c++0x', '-std=c++11', '-O0', '-ggdb', '-g3', '-Wall', '-Wno-error=deprecated-declarations', '-fstrict-aliasing', '-Wstrict-aliasing', '-DNS3_BUILD_PROFILE_DEBUG', '-DNS3_ASSERT_ENABLE', '-DNS3_LOG_ENABLE', '-DHAVE_SYS_IOCTL_H=1', '-DHAVE_IF_NETS_H=1', '-DHAVE_NET_ETHERNET_H=1', '-DHAVE_IF_TUN_H=1', '-DHAVE_PACKET_H=1', '../test.cpp', '-c', '-o', '/home/wf/multimedia/ndnSIM2.1/ns-3/build/.conf_check_a4166ac429c5aa1860605a39892ce190/testbuild/test.cpp.1.o']
yes
------------------------------------------------------------------
Checking for std::is_nothrow_move_constructible
==>
#include <type_traits>
static_assert(std::is_nothrow_move_constructible<int>::value, "");
<==
[1/1] Compiling [32mbuild/.conf_check_3e333d01861c9c35303682c2c1391772/test.cpp[0m

['/usr/bin/g++', '-std=c++0x', '-std=c++11', '-O0', '-ggdb', '-g3', '-Wall', '-Wno-error=deprecated-declarations', '-fstrict-aliasing', '-Wstrict-aliasing', '-DNS3_BUILD_PROFILE_DEBUG', '-DNS3_ASSERT_ENABLE', '-DNS3_LOG_ENABLE', '-DHAVE_SYS_IOCTL_H=1', '-DHAVE_IF_NETS_H=1', '-DHAVE_NET_ETHERNET_H=1', '-DHAVE_IF_TUN_H=1', '-DHAVE_PACKET_H=1', '-DHAVE_IS_DEFAULT_CONSTRUCTIBLE=1', '../test.cpp', '-c', '-o', '/home/wf/multimedia/ndnSIM2.1/ns-3/build/.conf_check_3e333d01861c9c35303682c2c1391772/testbuild/test.cpp.1.o']
yes
------------------------------------------------------------------
Checking for std::is_nothrow_move_assignable
==>
#include <type_traits>
static_assert(std::is_nothrow_move_assignable<int>::value, "");
<==
[1/1] Compiling [32mbuild/.conf_check_614fbe439be16892e9ed91811f6505fe/test.cpp[0m

['/usr/bin/g++', '-std=c++0x', '-std=c++11', '-O0', '-ggdb', '-g3', '-Wall', '-Wno-error=deprecated-declarations', '-fstrict-aliasing', '-Wstrict-aliasing', '-DNS3_BUILD_PROFILE_DEBUG', '-DNS3_ASSERT_ENABLE', '-DNS3_LOG_ENABLE', '-DHAVE_SYS_IOCTL_H=1', '-DHAVE_IF_NETS_H=1', '-DHAVE_NET_ETHERNET_H=1', '-DHAVE_IF_TUN_H=1', '-DHAVE_PACKET_H=1', '-DHAVE_IS_DEFAULT_CONSTRUCTIBLE=1', '-DHAVE_IS_NOTHROW_MOVE_CONSTRUCTIBLE=1', '../test.cpp', '-c', '-o', '/home/wf/multimedia/ndnSIM2.1/ns-3/build/.conf_check_614fbe439be16892e9ed91811f6505fe/testbuild/test.cpp.1.o']
yes
------------------------------------------------------------------
Checking for friend typename-specifier
==>

class A;

template<typename T>
class B
{
  friend T;
};

B<A> g_b;

<==
[1/1] Compiling [32mbuild/.conf_check_9912b07e3c9371ae2dd6ff2c19adfe13/test.cpp[0m

['/usr/bin/g++', '-std=c++0x', '-std=c++11', '-O0', '-ggdb', '-g3', '-Wall', '-Wno-error=deprecated-declarations', '-fstrict-aliasing', '-Wstrict-aliasing', '-DNS3_BUILD_PROFILE_DEBUG', '-DNS3_ASSERT_ENABLE', '-DNS3_LOG_ENABLE', '-DHAVE_SYS_IOCTL_H=1', '-DHAVE_IF_NETS_H=1', '-DHAVE_NET_ETHERNET_H=1', '-DHAVE_IF_TUN_H=1', '-DHAVE_PACKET_H=1', '-DHAVE_IS_DEFAULT_CONSTRUCTIBLE=1', '-DHAVE_IS_NOTHROW_MOVE_CONSTRUCTIBLE=1', '-DHAVE_IS_NOTHROW_MOVE_ASSIGNABLE=1', '../test.cpp', '-c', '-o', '/home/wf/multimedia/ndnSIM2.1/ns-3/build/.conf_check_9912b07e3c9371ae2dd6ff2c19adfe13/testbuild/test.cpp.1.o']
yes
------------------------------------------------------------------
Checking for override and final specifiers
==>

class Base
{
  virtual void
  f(int a);
};

class Derived : public Base
{
  virtual void
  f(int a) override;
};

class Final : public Derived
{
  virtual void
  f(int a) final;
};

<==
[1/1] Compiling [32mbuild/.conf_check_7a20e128b3f1255d717cf0a3ffe20281/test.cpp[0m

['/usr/bin/g++', '-std=c++0x', '-std=c++11', '-O0', '-ggdb', '-g3', '-Wall', '-Wno-error=deprecated-declarations', '-fstrict-aliasing', '-Wstrict-aliasing', '-DNS3_BUILD_PROFILE_DEBUG', '-DNS3_ASSERT_ENABLE', '-DNS3_LOG_ENABLE', '-DHAVE_SYS_IOCTL_H=1', '-DHAVE_IF_NETS_H=1', '-DHAVE_NET_ETHERNET_H=1', '-DHAVE_IF_TUN_H=1', '-DHAVE_PACKET_H=1', '-DHAVE_IS_DEFAULT_CONSTRUCTIBLE=1', '-DHAVE_IS_NOTHROW_MOVE_CONSTRUCTIBLE=1', '-DHAVE_IS_NOTHROW_MOVE_ASSIGNABLE=1', '-DHAVE_CXX_FRIEND_TYPENAME=1', '../test.cpp', '-c', '-o', '/home/wf/multimedia/ndnSIM2.1/ns-3/build/.conf_check_7a20e128b3f1255d717cf0a3ffe20281/testbuild/test.cpp.1.o']
yes
------------------------------------------------------------------
Checking for std::vector::insert with const_iterators
==>

#include <vector>
int
main()
{
  std::vector<int> v;
  std::vector<int>::const_iterator it = v.cbegin();

  v.insert(it, 2);
  it = v.cend() - 1;
  v.erase(it);
  return 0;
}

<==
[1/1] Compiling [32mbuild/.conf_check_7d145772cc47e59b9fd90bdc2a8ad546/test.cpp[0m

['/usr/bin/g++', '-std=c++0x', '-std=c++11', '-O0', '-ggdb', '-g3', '-Wall', '-Wno-error=deprecated-declarations', '-fstrict-aliasing', '-Wstrict-aliasing', '-DNS3_BUILD_PROFILE_DEBUG', '-DNS3_ASSERT_ENABLE', '-DNS3_LOG_ENABLE', '-DHAVE_SYS_IOCTL_H=1', '-DHAVE_IF_NETS_H=1', '-DHAVE_NET_ETHERNET_H=1', '-DHAVE_IF_TUN_H=1', '-DHAVE_PACKET_H=1', '-DHAVE_IS_DEFAULT_CONSTRUCTIBLE=1', '-DHAVE_IS_NOTHROW_MOVE_CONSTRUCTIBLE=1', '-DHAVE_IS_NOTHROW_MOVE_ASSIGNABLE=1', '-DHAVE_CXX_FRIEND_TYPENAME=1', '-DHAVE_CXX_OVERRIDE_FINAL=1', '../test.cpp', '-c', '-o', '/home/wf/multimedia/ndnSIM2.1/ns-3/build/.conf_check_7d145772cc47e59b9fd90bdc2a8ad546/testbuild/test.cpp.1.o']
yes
------------------------------------------------------------------
Checking for library pthread
==>

int main(int argc, char **argv) {
	(void)argc; (void)argv;
	return 0;
}

<==
[1/2] Compiling [32mbuild/.conf_check_57c8cdb2adde3d982d703578603a1c3f/test.cpp[0m

['/usr/bin/g++', '-std=c++0x', '-std=c++11', '-O0', '-ggdb', '-g3', '-Wall', '-Wno-error=deprecated-declarations', '-fstrict-aliasing', '-Wstrict-aliasing', '-DNS3_BUILD_PROFILE_DEBUG', '-DNS3_ASSERT_ENABLE', '-DNS3_LOG_ENABLE', '-DHAVE_SYS_IOCTL_H=1', '-DHAVE_IF_NETS_H=1', '-DHAVE_NET_ETHERNET_H=1', '-DHAVE_IF_TUN_H=1', '-DHAVE_PACKET_H=1', '-DHAVE_IS_DEFAULT_CONSTRUCTIBLE=1', '-DHAVE_IS_NOTHROW_MOVE_CONSTRUCTIBLE=1', '-DHAVE_IS_NOTHROW_MOVE_ASSIGNABLE=1', '-DHAVE_CXX_FRIEND_TYPENAME=1', '-DHAVE_CXX_OVERRIDE_FINAL=1', '-DNDN_CXX_HAVE_VECTOR_INSERT_ERASE_CONST_ITERATOR=1', '../test.cpp', '-c', '-o', '/home/wf/multimedia/ndnSIM2.1/ns-3/build/.conf_check_57c8cdb2adde3d982d703578603a1c3f/testbuild/test.cpp.1.o']
[2/2] Linking [33mbuild/.conf_check_57c8cdb2adde3d982d703578603a1c3f/testbuild/testprog[0m

['/usr/bin/g++', 'test.cpp.1.o', '-o', '/home/wf/multimedia/ndnSIM2.1/ns-3/build/.conf_check_57c8cdb2adde3d982d703578603a1c3f/testbuild/testprog', '-Wl,-Bstatic', '-Wl,-Bdynamic', '-lpthread']
yes
------------------------------------------------------------------
Checking for 'sqlite3'
['/usr/bin/pkg-config', '--cflags', '--libs', 'sqlite3']
out: -lsqlite3

yes
------------------------------------------------------------------
Checking Crypto++ lib
561
------------------------------------------------------------------
Checking if CryptoPP library works
==>

#include "../../src/ndnSIM/ndn-cxx/src/security/cryptopp.hpp"
#include <iostream>

int
main()
{
  using namespace CryptoPP;

  std::string buffer = "Lorem ipsum dolor sit amet, consectetur adipiscing elit.";
  SHA256 hash;
  StringSource(buffer, true, new HashFilter(hash, new FileSink(std::cout)));
  StringSource(reinterpret_cast<const uint8_t*>(buffer.c_str()), buffer.size(),
               true, new HashFilter(hash, new FileSink(std::cout)));
  return 0;
}

<==
[1/2] Compiling [32mbuild/.conf_check_a6113c309ef0cc41dc8e368724f7d98e/test.cpp[0m

['/usr/bin/g++', '-std=c++0x', '-std=c++11', '-O0', '-ggdb', '-g3', '-Wall', '-Wno-error=deprecated-declarations', '-fstrict-aliasing', '-Wstrict-aliasing', '-pthread', '-I/usr/include', '-DNS3_BUILD_PROFILE_DEBUG', '-DNS3_ASSERT_ENABLE', '-DNS3_LOG_ENABLE', '-DHAVE_SYS_IOCTL_H=1', '-DHAVE_IF_NETS_H=1', '-DHAVE_NET_ETHERNET_H=1', '-DHAVE_IF_TUN_H=1', '-DHAVE_PACKET_H=1', '-DHAVE_IS_DEFAULT_CONSTRUCTIBLE=1', '-DHAVE_IS_NOTHROW_MOVE_CONSTRUCTIBLE=1', '-DHAVE_IS_NOTHROW_MOVE_ASSIGNABLE=1', '-DHAVE_CXX_FRIEND_TYPENAME=1', '-DHAVE_CXX_OVERRIDE_FINAL=1', '-DNDN_CXX_HAVE_VECTOR_INSERT_ERASE_CONST_ITERATOR=1', '-DHAVE_PTHREAD=1', '-DHAVE_SQLITE3=1', '../test.cpp', '-c', '-o', '/home/wf/multimedia/ndnSIM2.1/ns-3/build/.conf_check_a6113c309ef0cc41dc8e368724f7d98e/testbuild/test.cpp.1.o']
[2/2] Linking [33mbuild/.conf_check_a6113c309ef0cc41dc8e368724f7d98e/testbuild/testprog[0m

['/usr/bin/g++', '-pthread', 'test.cpp.1.o', '-o', '/home/wf/multimedia/ndnSIM2.1/ns-3/build/.conf_check_a6113c309ef0cc41dc8e368724f7d98e/testbuild/testprog', '-Wl,-Bstatic', '-Wl,-Bdynamic', '-L/usr/lib', '-lcryptopp', '-lpthread']
yes
------------------------------------------------------------------
Checking for LIBDASH location
../AMuSt-libdash/libdash/ (guessed)
------------------------------------------------------------------
Checking for library dash
==>

#include "libdash.h"

int main()
{
  return 0;
}

<==
[1/2] Compiling [32mbuild/.conf_check_fcefe7cdb272255a1fb071b78997df20/test.cpp[0m

['/usr/bin/g++', '-std=c++0x', '-std=c++11', '-O0', '-ggdb', '-g3', '-Wall', '-Wno-error=deprecated-declarations', '-fstrict-aliasing', '-Wstrict-aliasing', '-I/home/wf/multimedia/ndnSIM2.1/AMuSt-libdash/libdash/libdash/include', '-DNS3_BUILD_PROFILE_DEBUG', '-DNS3_ASSERT_ENABLE', '-DNS3_LOG_ENABLE', '-DHAVE_SYS_IOCTL_H=1', '-DHAVE_IF_NETS_H=1', '-DHAVE_NET_ETHERNET_H=1', '-DHAVE_IF_TUN_H=1', '-DHAVE_PACKET_H=1', '-DHAVE_IS_DEFAULT_CONSTRUCTIBLE=1', '-DHAVE_IS_NOTHROW_MOVE_CONSTRUCTIBLE=1', '-DHAVE_IS_NOTHROW_MOVE_ASSIGNABLE=1', '-DHAVE_CXX_FRIEND_TYPENAME=1', '-DHAVE_CXX_OVERRIDE_FINAL=1', '-DNDN_CXX_HAVE_VECTOR_INSERT_ERASE_CONST_ITERATOR=1', '-DHAVE_PTHREAD=1', '-DHAVE_SQLITE3=1', '../test.cpp', '-c', '-o', '/home/wf/multimedia/ndnSIM2.1/ns-3/build/.conf_check_fcefe7cdb272255a1fb071b78997df20/testbuild/test.cpp.1.o']
[2/2] Linking [33mbuild/.conf_check_fcefe7cdb272255a1fb071b78997df20/testbuild/testprog[0m

['/usr/bin/g++', 'test.cpp.1.o', '-o', '/home/wf/multimedia/ndnSIM2.1/ns-3/build/.conf_check_fcefe7cdb272255a1fb071b78997df20/testbuild/testprog', '-Wl,-Bstatic', '-Wl,-Bdynamic', '-L/home/wf/multimedia/ndnSIM2.1/AMuSt-libdash/libdash/build/bin/', '-L/home/wf/multimedia/ndnSIM2.1/AMuSt-libdash/libdash/build/bin/', '-ldash']
yes
------------------------------------------------------------------
Checking for OpenFlow location
not found
------------------------------------------------------------------
Checking for 'sqlite3'
['/usr/bin/pkg-config', '--cflags', '--libs', 'sqlite3']
out: -lsqlite3

yes
------------------------------------------------------------------
Checking for header linux/if_tun.h
==>
#include <linux/if_tun.h>

int main(int argc, char **argv) {
	(void)argc; (void)argv;
	return 0;
}

<==
[1/2] Compiling [32mbuild/.conf_check_4d920e478f6fc62a7d7ca55d26738435/test.cpp[0m

['/usr/bin/g++', '-std=c++0x', '-std=c++11', '-O0', '-ggdb', '-g3', '-Wall', '-Wno-error=deprecated-declarations', '-fstrict-aliasing', '-Wstrict-aliasing', '-DNS3_BUILD_PROFILE_DEBUG', '-DNS3_ASSERT_ENABLE', '-DNS3_LOG_ENABLE', '-DHAVE_SYS_IOCTL_H=1', '-DHAVE_IF_NETS_H=1', '-DHAVE_NET_ETHERNET_H=1', '-DHAVE_PACKET_H=1', '-DHAVE_IS_DEFAULT_CONSTRUCTIBLE=1', '-DHAVE_IS_NOTHROW_MOVE_CONSTRUCTIBLE=1', '-DHAVE_IS_NOTHROW_MOVE_ASSIGNABLE=1', '-DHAVE_CXX_FRIEND_TYPENAME=1', '-DHAVE_CXX_OVERRIDE_FINAL=1', '-DNDN_CXX_HAVE_VECTOR_INSERT_ERASE_CONST_ITERATOR=1', '-DHAVE_PTHREAD=1', '-DHAVE_SQLITE3=1', '../test.cpp', '-c', '-o', '/home/wf/multimedia/ndnSIM2.1/ns-3/build/.conf_check_4d920e478f6fc62a7d7ca55d26738435/testbuild/test.cpp.1.o']
[2/2] Linking [33mbuild/.conf_check_4d920e478f6fc62a7d7ca55d26738435/testbuild/testprog[0m

['/usr/bin/g++', 'test.cpp.1.o', '-o', '/home/wf/multimedia/ndnSIM2.1/ns-3/build/.conf_check_4d920e478f6fc62a7d7ca55d26738435/testbuild/testprog', '-Wl,-Bstatic', '-Wl,-Bdynamic']
yes
------------------------------------------------------------------
Checking for python module 'gtk'
['/usr/bin/python', '-c', "\nimport gtk as current_module\nversion = getattr(current_module, '__version__', None)\nif version is not None:\n\tprint(str(version))\nelse:\n\tprint('unknown version')\n"]
out: unknown version

ok
------------------------------------------------------------------
Checking for python module 'goocanvas'
['/usr/bin/python', '-c', "\nimport goocanvas as current_module\nversion = getattr(current_module, '__version__', None)\nif version is not None:\n\tprint(str(version))\nelse:\n\tprint('unknown version')\n"]
out: 0.14.1

0.14.1
------------------------------------------------------------------
Checking for python module 'pygraphviz'
['/usr/bin/python', '-c', "\nimport pygraphviz as current_module\nversion = getattr(current_module, '__version__', None)\nif version is not None:\n\tprint(str(version))\nelse:\n\tprint('unknown version')\n"]
out: 1.3.1

1.3.1
------------------------------------------------------------------
Checking for program 'sudo'
/usr/bin/sudo
find program=['sudo'] paths=['/home/wf/bin', '/home/wf/.local/bin', '/usr/local/sbin', '/usr/local/bin', '/usr/sbin', '/usr/bin', '/sbin', '/bin', '/usr/games', '/usr/local/games', '/snap/bin'] var='SUDO' -> ['/usr/bin/sudo']
------------------------------------------------------------------
Checking for program 'valgrind'
not found
find program=['valgrind'] paths=['/home/wf/bin', '/home/wf/.local/bin', '/usr/local/sbin', '/usr/local/bin', '/usr/sbin', '/usr/bin', '/sbin', '/bin', '/usr/games', '/usr/local/games', '/snap/bin'] var='VALGRIND' -> None
from /home/wf/multimedia/ndnSIM2.1/ns-3: Could not find the program ['valgrind']
------------------------------------------------------------------
Checking for 'gsl'
['/usr/bin/pkg-config', '--cflags', '--libs', 'gsl']
err: Package gsl was not found in the pkg-config search path.
Perhaps you should add the directory containing `gsl.pc'
to the PKG_CONFIG_PATH environment variable
No package 'gsl' found

not found
from /home/wf/multimedia/ndnSIM2.1/ns-3: The configuration failed
------------------------------------------------------------------
Checking for program 'doxygen'
not found
find program=['doxygen'] paths=['/home/wf/bin', '/home/wf/.local/bin', '/usr/local/sbin', '/usr/local/bin', '/usr/sbin', '/usr/bin', '/sbin', '/bin', '/usr/games', '/usr/local/games', '/snap/bin'] var='DOXYGEN' -> None
from /home/wf/multimedia/ndnSIM2.1/ns-3: Could not find the program ['doxygen']
